Transaction.CLOSED
==93200========TSM_Transaction F_TSM_Transaction@79a350 price:8646 range:466 dump start======
==========my_ors[OPENED] dump ======
ord_seq = stest
ord_no = s1234
add_date = 20141121
add_time = 93100
match_time = 93100
ord_bs = S
ord_qty = 1
cancel_qty = 0
ord_match_qty = 1
octype =  
preorder =  
err_code = 0000
------order source--------
buy_or_sell = S
code = MXFJ4
price = 9112
amount = 1
price_type = LMT
ordtype = ROD
octtype =  
==========my_ors[CLOSED] dump ======
ord_seq = covering
ord_no = c1234
add_date = 20141121
add_time = 93200
match_time = 93200
ord_bs = B
ord_qty = 1
cancel_qty = 0
ord_match_qty = 1
octype =  
preorder =  
err_code = 0000
------order source--------
buy_or_sell = B
code = MXFJ4
price = 9126
amount = 1
price_type = LMT
ordtype = ROD
octtype =  
TSM_Transaction Diff: -14.0
==========TSM_Transaction F_TSM_Transaction@79a350 dump end======
Transaction.CLOSED
==94100========TSM_Transaction F_TSM_Transaction@1f593be price:8651 range:471 dump start======
==========my_ors[OPENED] dump ======
ord_seq = stest
ord_no = s1234
add_date = 20141121
add_time = 93200
match_time = 93200
ord_bs = S
ord_qty = 1
cancel_qty = 0
ord_match_qty = 1
octype =  
preorder =  
err_code = 0000
------order source--------
buy_or_sell = S
code = MXFJ4
price = 9122
amount = 1
price_type = LMT
ordtype = ROD
octtype =  
==========my_ors[CLOSED] dump ======
ord_seq = covering
ord_no = c1234
add_date = 20141121
add_time = 93300
match_time = 94100
ord_bs = B
ord_qty = 1
cancel_qty = 0
ord_match_qty = 1
octype =  
preorder =  
err_code = 0000
------order source--------
buy_or_sell = B
code = MXFJ4
price = 9102
amount = 1
price_type = LMT
ordtype = ROD
octtype =  
TSM_Transaction Diff: 20.0
==========TSM_Transaction F_TSM_Transaction@1f593be dump end======
Transaction.CLOSED
==94300========TSM_Transaction F_TSM_Transaction@19f0be8 price:8648 range:468 dump start======
==========my_ors[OPENED] dump ======
ord_seq = stest
ord_no = s1234
add_date = 20141121
add_time = 93300
match_time = 93300
ord_bs = S
ord_qty = 1
cancel_qty = 0
ord_match_qty = 1
octype =  
preorder =  
err_code = 0000
------order source--------
buy_or_sell = S
code = MXFJ4
price = 9116
amount = 1
price_type = LMT
ordtype = ROD
octtype =  
==========my_ors[CLOSED] dump ======
ord_seq = covering
ord_no = c1234
add_date = 20141121
add_time = 93400
match_time = 94300
ord_bs = B
ord_qty = 1
cancel_qty = 0
ord_match_qty = 1
octype =  
preorder =  
err_code = 0000
------order source--------
buy_or_sell = B
code = MXFJ4
price = 9096
amount = 1
price_type = LMT
ordtype = ROD
octtype =  
TSM_Transaction Diff: 20.0
==========TSM_Transaction F_TSM_Transaction@19f0be8 dump end======
Transaction.CLOSED
==94100========TSM_Transaction F_TSM_Transaction@cdbb40 price:8652 range:471 dump start======
==========my_ors[OPENED] dump ======
ord_seq = stest
ord_no = s1234
add_date = 20141121
add_time = 93400
match_time = 93400
ord_bs = S
ord_qty = 1
cancel_qty = 0
ord_match_qty = 1
octype =  
preorder =  
err_code = 0000
------order source--------
buy_or_sell = S
code = MXFJ4
price = 9123
amount = 1
price_type = LMT
ordtype = ROD
octtype =  
==========my_ors[CLOSED] dump ======
ord_seq = covering
ord_no = c1234
add_date = 20141121
add_time = 93500
match_time = 94100
ord_bs = B
ord_qty = 1
cancel_qty = 0
ord_match_qty = 1
octype =  
preorder =  
err_code = 0000
------order source--------
buy_or_sell = B
code = MXFJ4
price = 9103
amount = 1
price_type = LMT
ordtype = ROD
octtype =  
TSM_Transaction Diff: 20.0
==========TSM_Transaction F_TSM_Transaction@cdbb40 dump end======
Transaction.CLOSED
==94300========TSM_Transaction F_TSM_Transaction@16af133 price:8650 range:470 dump start======
==========my_ors[OPENED] dump ======
ord_seq = stest
ord_no = s1234
add_date = 20141121
add_time = 93500
match_time = 93500
ord_bs = S
ord_qty = 1
cancel_qty = 0
ord_match_qty = 1
octype =  
preorder =  
err_code = 0000
------order source--------
buy_or_sell = S
code = MXFJ4
price = 9120
amount = 1
price_type = LMT
ordtype = ROD
octtype =  
==========my_ors[CLOSED] dump ======
ord_seq = covering
ord_no = c1234
add_date = 20141121
add_time = 93600
match_time = 94300
ord_bs = B
ord_qty = 1
cancel_qty = 0
ord_match_qty = 1
octype =  
preorder =  
err_code = 0000
------order source--------
buy_or_sell = B
code = MXFJ4
price = 9100
amount = 1
price_type = LMT
ordtype = ROD
octtype =  
TSM_Transaction Diff: 20.0
==========TSM_Transaction F_TSM_Transaction@16af133 dump end======
Transaction.CLOSED
==94300========TSM_Transaction F_TSM_Transaction@1e187ff price:8648 range:468 dump start======
==========my_ors[OPENED] dump ======
ord_seq = stest
ord_no = s1234
add_date = 20141121
add_time = 93600
match_time = 93600
ord_bs = S
ord_qty = 1
cancel_qty = 0
ord_match_qty = 1
octype =  
preorder =  
err_code = 0000
------order source--------
buy_or_sell = S
code = MXFJ4
price = 9116
amount = 1
price_type = LMT
ordtype = ROD
octtype =  
==========my_ors[CLOSED] dump ======
ord_seq = covering
ord_no = c1234
add_date = 20141121
add_time = 93700
match_time = 94300
ord_bs = B
ord_qty = 1
cancel_qty = 0
ord_match_qty = 1
octype =  
preorder =  
err_code = 0000
------order source--------
buy_or_sell = B
code = MXFJ4
price = 9096
amount = 1
price_type = LMT
ordtype = ROD
octtype =  
TSM_Transaction Diff: 20.0
==========TSM_Transaction F_TSM_Transaction@1e187ff dump end======
Transaction.CLOSED
==94300========TSM_Transaction F_TSM_Transaction@163d522 price:8650 range:469 dump start======
==========my_ors[OPENED] dump ======
ord_seq = stest
ord_no = s1234
add_date = 20141121
add_time = 93700
match_time = 93700
ord_bs = S
ord_qty = 1
cancel_qty = 0
ord_match_qty = 1
octype =  
preorder =  
err_code = 0000
------order source--------
buy_or_sell = S
code = MXFJ4
price = 9119
amount = 1
price_type = LMT
ordtype = ROD
octtype =  
==========my_ors[CLOSED] dump ======
ord_seq = covering
ord_no = c1234
add_date = 20141121
add_time = 93800
match_time = 94300
ord_bs = B
ord_qty = 1
cancel_qty = 0
ord_match_qty = 1
octype =  
preorder =  
err_code = 0000
------order source--------
buy_or_sell = B
code = MXFJ4
price = 9099
amount = 1
price_type = LMT
ordtype = ROD
octtype =  
TSM_Transaction Diff: 20.0
==========TSM_Transaction F_TSM_Transaction@163d522 dump end======
Transaction.CLOSED
==94300========TSM_Transaction F_TSM_Transaction@512c9c price:8649 range:468 dump start======
==========my_ors[OPENED] dump ======
ord_seq = stest
ord_no = s1234
add_date = 20141121
add_time = 93800
match_time = 93800
ord_bs = S
ord_qty = 1
cancel_qty = 0
ord_match_qty = 1
octype =  
preorder =  
err_code = 0000
------order source--------
buy_or_sell = S
code = MXFJ4
price = 9117
amount = 1
price_type = LMT
ordtype = ROD
octtype =  
==========my_ors[CLOSED] dump ======
ord_seq = covering
ord_no = c1234
add_date = 20141121
add_time = 93900
match_time = 94300
ord_bs = B
ord_qty = 1
cancel_qty = 0
ord_match_qty = 1
octype =  
preorder =  
err_code = 0000
------order source--------
buy_or_sell = B
code = MXFJ4
price = 9097
amount = 1
price_type = LMT
ordtype = ROD
octtype =  
TSM_Transaction Diff: 20.0
==========TSM_Transaction F_TSM_Transaction@512c9c dump end======
Transaction.CLOSED
==94300========TSM_Transaction F_TSM_Transaction@b5fb84 price:8648 range:468 dump start======
==========my_ors[OPENED] dump ======
ord_seq = stest
ord_no = s1234
add_date = 20141121
add_time = 93900
match_time = 93900
ord_bs = S
ord_qty = 1
cancel_qty = 0
ord_match_qty = 1
octype =  
preorder =  
err_code = 0000
------order source--------
buy_or_sell = S
code = MXFJ4
price = 9116
amount = 1
price_type = LMT
ordtype = ROD
octtype =  
==========my_ors[CLOSED] dump ======
ord_seq = covering
ord_no = c1234
add_date = 20141121
add_time = 94000
match_time = 94300
ord_bs = B
ord_qty = 1
cancel_qty = 0
ord_match_qty = 1
octype =  
preorder =  
err_code = 0000
------order source--------
buy_or_sell = B
code = MXFJ4
price = 9096
amount = 1
price_type = LMT
ordtype = ROD
octtype =  
TSM_Transaction Diff: 20.0
==========TSM_Transaction F_TSM_Transaction@b5fb84 dump end======
Transaction.CLOSED
==94500========TSM_Transaction F_TSM_Transaction@18237c4 price:8646 range:465 dump start======
==========my_ors[OPENED] dump ======
ord_seq = stest
ord_no = s1234
add_date = 20141121
add_time = 94000
match_time = 94000
ord_bs = S
ord_qty = 1
cancel_qty = 0
ord_match_qty = 1
octype =  
preorder =  
err_code = 0000
------order source--------
buy_or_sell = S
code = MXFJ4
price = 9111
amount = 1
price_type = LMT
ordtype = ROD
octtype =  
==========my_ors[CLOSED] dump ======
ord_seq = covering
ord_no = c1234
add_date = 20141121
add_time = 94100
match_time = 94500
ord_bs = B
ord_qty = 1
cancel_qty = 0
ord_match_qty = 1
octype =  
preorder =  
err_code = 0000
------order source--------
buy_or_sell = B
code = MXFJ4
price = 9091
amount = 1
price_type = LMT
ordtype = ROD
octtype =  
TSM_Transaction Diff: 20.0
==========TSM_Transaction F_TSM_Transaction@18237c4 dump end======
Transaction.CLOSED
==100700========TSM_Transaction F_TSM_Transaction@b95d82 price:8642 range:462 dump start======
==========my_ors[OPENED] dump ======
ord_seq = stest
ord_no = s1234
add_date = 20141121
add_time = 94100
match_time = 94100
ord_bs = S
ord_qty = 1
cancel_qty = 0
ord_match_qty = 1
octype =  
preorder =  
err_code = 0000
------order source--------
buy_or_sell = S
code = MXFJ4
price = 9104
amount = 1
price_type = LMT
ordtype = ROD
octtype =  
==========my_ors[CLOSED] dump ======
ord_seq = covering
ord_no = c1234
add_date = 20141121
add_time = 94200
match_time = 100700
ord_bs = B
ord_qty = 1
cancel_qty = 0
ord_match_qty = 1
octype =  
preorder =  
err_code = 0000
------order source--------
buy_or_sell = B
code = MXFJ4
price = 9084
amount = 1
price_type = LMT
ordtype = ROD
octtype =  
TSM_Transaction Diff: 20.0
==========TSM_Transaction F_TSM_Transaction@b95d82 dump end======
