Transaction.CLOSED
==93500========TSM_Transaction F_TSM_Transaction@50ae9a price:8657 range:477 dump start======
==========my_ors[OPENED] dump ======
ord_seq = stest
ord_no = s1234
add_date = 20141209
add_time = 93100
match_time = 93100
ord_bs = S
ord_qty = 1
cancel_qty = 0
ord_match_qty = 1
octype =  
preorder =  
err_code = 0000
------order source--------
buy_or_sell = S
code = MXFJ4
price = 9134
amount = 1
price_type = LMT
ordtype = ROD
octtype =  
==========my_ors[CLOSED] dump ======
ord_seq = covering
ord_no = c1234
add_date = 20141209
add_time = 93500
match_time = 93500
ord_bs = B
ord_qty = 1
cancel_qty = 0
ord_match_qty = 1
octype =  
preorder =  
err_code = 0000
------order source--------
buy_or_sell = B
code = MXFJ4
price = 9146
amount = 1
price_type = LMT
ordtype = ROD
octtype =  
TSM_Transaction Diff: -12.0
==========TSM_Transaction F_TSM_Transaction@50ae9a dump end======
Transaction.CLOSED
==93400========TSM_Transaction F_TSM_Transaction@3d167a price:8655 range:474 dump start======
==========my_ors[OPENED] dump ======
ord_seq = stest
ord_no = s1234
add_date = 20141209
add_time = 93200
match_time = 93200
ord_bs = S
ord_qty = 1
cancel_qty = 0
ord_match_qty = 1
octype =  
preorder =  
err_code = 0000
------order source--------
buy_or_sell = S
code = MXFJ4
price = 9129
amount = 1
price_type = LMT
ordtype = ROD
octtype =  
==========my_ors[CLOSED] dump ======
ord_seq = covering
ord_no = c1234
add_date = 20141209
add_time = 93400
match_time = 93400
ord_bs = B
ord_qty = 1
cancel_qty = 0
ord_match_qty = 1
octype =  
preorder =  
err_code = 0000
------order source--------
buy_or_sell = B
code = MXFJ4
price = 9141
amount = 1
price_type = LMT
ordtype = ROD
octtype =  
TSM_Transaction Diff: -12.0
==========TSM_Transaction F_TSM_Transaction@3d167a dump end======
Transaction.CLOSED
==93500========TSM_Transaction F_TSM_Transaction@1b2e250 price:8656 range:475 dump start======
==========my_ors[OPENED] dump ======
ord_seq = stest
ord_no = s1234
add_date = 20141209
add_time = 93300
match_time = 93300
ord_bs = S
ord_qty = 1
cancel_qty = 0
ord_match_qty = 1
octype =  
preorder =  
err_code = 0000
------order source--------
buy_or_sell = S
code = MXFJ4
price = 9131
amount = 1
price_type = LMT
ordtype = ROD
octtype =  
==========my_ors[CLOSED] dump ======
ord_seq = covering
ord_no = c1234
add_date = 20141209
add_time = 93500
match_time = 93500
ord_bs = B
ord_qty = 1
cancel_qty = 0
ord_match_qty = 1
octype =  
preorder =  
err_code = 0000
------order source--------
buy_or_sell = B
code = MXFJ4
price = 9146
amount = 1
price_type = LMT
ordtype = ROD
octtype =  
TSM_Transaction Diff: -15.0
==========TSM_Transaction F_TSM_Transaction@1b2e250 dump end======
Transaction.CLOSED
==93700========TSM_Transaction F_TSM_Transaction@1ea44dc price:8658 range:477 dump start======
==========my_ors[OPENED] dump ======
ord_seq = stest
ord_no = s1234
add_date = 20141209
add_time = 93400
match_time = 93400
ord_bs = S
ord_qty = 1
cancel_qty = 0
ord_match_qty = 1
octype =  
preorder =  
err_code = 0000
------order source--------
buy_or_sell = S
code = MXFJ4
price = 9135
amount = 1
price_type = LMT
ordtype = ROD
octtype =  
==========my_ors[CLOSED] dump ======
ord_seq = covering
ord_no = c1234
add_date = 20141209
add_time = 93700
match_time = 93700
ord_bs = B
ord_qty = 1
cancel_qty = 0
ord_match_qty = 1
octype =  
preorder =  
err_code = 0000
------order source--------
buy_or_sell = B
code = MXFJ4
price = 9147
amount = 1
price_type = LMT
ordtype = ROD
octtype =  
TSM_Transaction Diff: -12.0
==========TSM_Transaction F_TSM_Transaction@1ea44dc dump end======
Transaction.CLOSED
==104000========TSM_Transaction F_TSM_Transaction@c35d46 price:8661 range:481 dump start======
==========my_ors[OPENED] dump ======
ord_seq = stest
ord_no = s1234
add_date = 20141209
add_time = 93500
match_time = 93500
ord_bs = S
ord_qty = 1
cancel_qty = 0
ord_match_qty = 1
octype =  
preorder =  
err_code = 0000
------order source--------
buy_or_sell = S
code = MXFJ4
price = 9142
amount = 1
price_type = LMT
ordtype = ROD
octtype =  
==========my_ors[CLOSED] dump ======
ord_seq = covering
ord_no = c1234
add_date = 20141209
add_time = 104000
match_time = 104000
ord_bs = B
ord_qty = 1
cancel_qty = 0
ord_match_qty = 1
octype =  
preorder =  
err_code = 0000
------order source--------
buy_or_sell = B
code = MXFJ4
price = 9156
amount = 1
price_type = LMT
ordtype = ROD
octtype =  
TSM_Transaction Diff: -14.0
==========TSM_Transaction F_TSM_Transaction@c35d46 dump end======
Transaction.CLOSED
==103900========TSM_Transaction F_TSM_Transaction@3e53bc price:8660 range:480 dump start======
==========my_ors[OPENED] dump ======
ord_seq = stest
ord_no = s1234
add_date = 20141209
add_time = 93600
match_time = 93600
ord_bs = S
ord_qty = 1
cancel_qty = 0
ord_match_qty = 1
octype =  
preorder =  
err_code = 0000
------order source--------
buy_or_sell = S
code = MXFJ4
price = 9140
amount = 1
price_type = LMT
ordtype = ROD
octtype =  
==========my_ors[CLOSED] dump ======
ord_seq = covering
ord_no = c1234
add_date = 20141209
add_time = 103900
match_time = 103900
ord_bs = B
ord_qty = 1
cancel_qty = 0
ord_match_qty = 1
octype =  
preorder =  
err_code = 0000
------order source--------
buy_or_sell = B
code = MXFJ4
price = 9152
amount = 1
price_type = LMT
ordtype = ROD
octtype =  
TSM_Transaction Diff: -12.0
==========TSM_Transaction F_TSM_Transaction@3e53bc dump end======
Transaction.CLOSED
==104000========TSM_Transaction F_TSM_Transaction@114d07a price:8662 range:481 dump start======
==========my_ors[OPENED] dump ======
ord_seq = stest
ord_no = s1234
add_date = 20141209
add_time = 93700
match_time = 93700
ord_bs = S
ord_qty = 1
cancel_qty = 0
ord_match_qty = 1
octype =  
preorder =  
err_code = 0000
------order source--------
buy_or_sell = S
code = MXFJ4
price = 9143
amount = 1
price_type = LMT
ordtype = ROD
octtype =  
==========my_ors[CLOSED] dump ======
ord_seq = covering
ord_no = c1234
add_date = 20141209
add_time = 104000
match_time = 104000
ord_bs = B
ord_qty = 1
cancel_qty = 0
ord_match_qty = 1
octype =  
preorder =  
err_code = 0000
------order source--------
buy_or_sell = B
code = MXFJ4
price = 9156
amount = 1
price_type = LMT
ordtype = ROD
octtype =  
TSM_Transaction Diff: -13.0
==========TSM_Transaction F_TSM_Transaction@114d07a dump end======
Transaction.CLOSED
==104000========TSM_Transaction F_TSM_Transaction@33b1fe price:8661 range:480 dump start======
==========my_ors[OPENED] dump ======
ord_seq = stest
ord_no = s1234
add_date = 20141209
add_time = 93800
match_time = 93800
ord_bs = S
ord_qty = 1
cancel_qty = 0
ord_match_qty = 1
octype =  
preorder =  
err_code = 0000
------order source--------
buy_or_sell = S
code = MXFJ4
price = 9141
amount = 1
price_type = LMT
ordtype = ROD
octtype =  
==========my_ors[CLOSED] dump ======
ord_seq = covering
ord_no = c1234
add_date = 20141209
add_time = 104000
match_time = 104000
ord_bs = B
ord_qty = 1
cancel_qty = 0
ord_match_qty = 1
octype =  
preorder =  
err_code = 0000
------order source--------
buy_or_sell = B
code = MXFJ4
price = 9156
amount = 1
price_type = LMT
ordtype = ROD
octtype =  
TSM_Transaction Diff: -15.0
==========TSM_Transaction F_TSM_Transaction@33b1fe dump end======
Transaction.CLOSED
==103900========TSM_Transaction F_TSM_Transaction@18b6b81 price:8660 range:480 dump start======
==========my_ors[OPENED] dump ======
ord_seq = stest
ord_no = s1234
add_date = 20141209
add_time = 93900
match_time = 93900
ord_bs = S
ord_qty = 1
cancel_qty = 0
ord_match_qty = 1
octype =  
preorder =  
err_code = 0000
------order source--------
buy_or_sell = S
code = MXFJ4
price = 9140
amount = 1
price_type = LMT
ordtype = ROD
octtype =  
==========my_ors[CLOSED] dump ======
ord_seq = covering
ord_no = c1234
add_date = 20141209
add_time = 103900
match_time = 103900
ord_bs = B
ord_qty = 1
cancel_qty = 0
ord_match_qty = 1
octype =  
preorder =  
err_code = 0000
------order source--------
buy_or_sell = B
code = MXFJ4
price = 9152
amount = 1
price_type = LMT
ordtype = ROD
octtype =  
TSM_Transaction Diff: -12.0
==========TSM_Transaction F_TSM_Transaction@18b6b81 dump end======
Transaction.CLOSED
==104000========TSM_Transaction F_TSM_Transaction@edc627 price:8663 range:482 dump start======
==========my_ors[OPENED] dump ======
ord_seq = stest
ord_no = s1234
add_date = 20141209
add_time = 94000
match_time = 94000
ord_bs = S
ord_qty = 1
cancel_qty = 0
ord_match_qty = 1
octype =  
preorder =  
err_code = 0000
------order source--------
buy_or_sell = S
code = MXFJ4
price = 9145
amount = 1
price_type = LMT
ordtype = ROD
octtype =  
==========my_ors[CLOSED] dump ======
ord_seq = covering
ord_no = c1234
add_date = 20141209
add_time = 104000
match_time = 104000
ord_bs = B
ord_qty = 1
cancel_qty = 0
ord_match_qty = 1
octype =  
preorder =  
err_code = 0000
------order source--------
buy_or_sell = B
code = MXFJ4
price = 9158
amount = 1
price_type = LMT
ordtype = ROD
octtype =  
TSM_Transaction Diff: -13.0
==========TSM_Transaction F_TSM_Transaction@edc627 dump end======
Transaction.CLOSED
==104000========TSM_Transaction F_TSM_Transaction@1836f78 price:8661 range:481 dump start======
==========my_ors[OPENED] dump ======
ord_seq = stest
ord_no = s1234
add_date = 20141209
add_time = 94100
match_time = 94100
ord_bs = S
ord_qty = 1
cancel_qty = 0
ord_match_qty = 1
octype =  
preorder =  
err_code = 0000
------order source--------
buy_or_sell = S
code = MXFJ4
price = 9142
amount = 1
price_type = LMT
ordtype = ROD
octtype =  
==========my_ors[CLOSED] dump ======
ord_seq = covering
ord_no = c1234
add_date = 20141209
add_time = 104000
match_time = 104000
ord_bs = B
ord_qty = 1
cancel_qty = 0
ord_match_qty = 1
octype =  
preorder =  
err_code = 0000
------order source--------
buy_or_sell = B
code = MXFJ4
price = 9156
amount = 1
price_type = LMT
ordtype = ROD
octtype =  
TSM_Transaction Diff: -14.0
==========TSM_Transaction F_TSM_Transaction@1836f78 dump end======
Transaction.CLOSED
==103500========TSM_Transaction F_TSM_Transaction@66ce price:8660 range:479 dump start======
==========my_ors[OPENED] dump ======
ord_seq = stest
ord_no = s1234
add_date = 20141209
add_time = 94200
match_time = 94200
ord_bs = S
ord_qty = 1
cancel_qty = 0
ord_match_qty = 1
octype =  
preorder =  
err_code = 0000
------order source--------
buy_or_sell = S
code = MXFJ4
price = 9139
amount = 1
price_type = LMT
ordtype = ROD
octtype =  
==========my_ors[CLOSED] dump ======
ord_seq = covering
ord_no = c1234
add_date = 20141209
add_time = 103500
match_time = 103500
ord_bs = B
ord_qty = 1
cancel_qty = 0
ord_match_qty = 1
octype =  
preorder =  
err_code = 0000
------order source--------
buy_or_sell = B
code = MXFJ4
price = 9151
amount = 1
price_type = LMT
ordtype = ROD
octtype =  
TSM_Transaction Diff: -12.0
==========TSM_Transaction F_TSM_Transaction@66ce dump end======
Transaction.CLOSED
==104000========TSM_Transaction F_TSM_Transaction@1b4f788 price:8661 range:481 dump start======
==========my_ors[OPENED] dump ======
ord_seq = stest
ord_no = s1234
add_date = 20141209
add_time = 94300
match_time = 94300
ord_bs = S
ord_qty = 1
cancel_qty = 0
ord_match_qty = 1
octype =  
preorder =  
err_code = 0000
------order source--------
buy_or_sell = S
code = MXFJ4
price = 9142
amount = 1
price_type = LMT
ordtype = ROD
octtype =  
==========my_ors[CLOSED] dump ======
ord_seq = covering
ord_no = c1234
add_date = 20141209
add_time = 104000
match_time = 104000
ord_bs = B
ord_qty = 1
cancel_qty = 0
ord_match_qty = 1
octype =  
preorder =  
err_code = 0000
------order source--------
buy_or_sell = B
code = MXFJ4
price = 9156
amount = 1
price_type = LMT
ordtype = ROD
octtype =  
TSM_Transaction Diff: -14.0
==========TSM_Transaction F_TSM_Transaction@1b4f788 dump end======
Transaction.CLOSED
==102500========TSM_Transaction F_TSM_Transaction@1dfcd0c price:8658 range:477 dump start======
==========my_ors[OPENED] dump ======
ord_seq = stest
ord_no = s1234
add_date = 20141209
add_time = 94400
match_time = 94400
ord_bs = S
ord_qty = 1
cancel_qty = 0
ord_match_qty = 1
octype =  
preorder =  
err_code = 0000
------order source--------
buy_or_sell = S
code = MXFJ4
price = 9135
amount = 1
price_type = LMT
ordtype = ROD
octtype =  
==========my_ors[CLOSED] dump ======
ord_seq = covering
ord_no = c1234
add_date = 20141209
add_time = 102500
match_time = 102500
ord_bs = B
ord_qty = 1
cancel_qty = 0
ord_match_qty = 1
octype =  
preorder =  
err_code = 0000
------order source--------
buy_or_sell = B
code = MXFJ4
price = 9147
amount = 1
price_type = LMT
ordtype = ROD
octtype =  
TSM_Transaction Diff: -12.0
==========TSM_Transaction F_TSM_Transaction@1dfcd0c dump end======
Transaction.CLOSED
==103400========TSM_Transaction F_TSM_Transaction@1a65345 price:8658 range:478 dump start======
==========my_ors[OPENED] dump ======
ord_seq = stest
ord_no = s1234
add_date = 20141209
add_time = 94500
match_time = 94500
ord_bs = S
ord_qty = 1
cancel_qty = 0
ord_match_qty = 1
octype =  
preorder =  
err_code = 0000
------order source--------
buy_or_sell = S
code = MXFJ4
price = 9136
amount = 1
price_type = LMT
ordtype = ROD
octtype =  
==========my_ors[CLOSED] dump ======
ord_seq = covering
ord_no = c1234
add_date = 20141209
add_time = 103400
match_time = 103400
ord_bs = B
ord_qty = 1
cancel_qty = 0
ord_match_qty = 1
octype =  
preorder =  
err_code = 0000
------order source--------
buy_or_sell = B
code = MXFJ4
price = 9148
amount = 1
price_type = LMT
ordtype = ROD
octtype =  
TSM_Transaction Diff: -12.0
==========TSM_Transaction F_TSM_Transaction@1a65345 dump end======
Transaction.CLOSED
==104000========TSM_Transaction F_TSM_Transaction@1054f90 price:8661 range:481 dump start======
==========my_ors[OPENED] dump ======
ord_seq = stest
ord_no = s1234
add_date = 20141209
add_time = 94600
match_time = 94600
ord_bs = S
ord_qty = 1
cancel_qty = 0
ord_match_qty = 1
octype =  
preorder =  
err_code = 0000
------order source--------
buy_or_sell = S
code = MXFJ4
price = 9142
amount = 1
price_type = LMT
ordtype = ROD
octtype =  
==========my_ors[CLOSED] dump ======
ord_seq = covering
ord_no = c1234
add_date = 20141209
add_time = 104000
match_time = 104000
ord_bs = B
ord_qty = 1
cancel_qty = 0
ord_match_qty = 1
octype =  
preorder =  
err_code = 0000
------order source--------
buy_or_sell = B
code = MXFJ4
price = 9156
amount = 1
price_type = LMT
ordtype = ROD
octtype =  
TSM_Transaction Diff: -14.0
==========TSM_Transaction F_TSM_Transaction@1054f90 dump end======
Transaction.CLOSED
==104000========TSM_Transaction F_TSM_Transaction@d05227 price:8661 range:481 dump start======
==========my_ors[OPENED] dump ======
ord_seq = stest
ord_no = s1234
add_date = 20141209
add_time = 94700
match_time = 94700
ord_bs = S
ord_qty = 1
cancel_qty = 0
ord_match_qty = 1
octype =  
preorder =  
err_code = 0000
------order source--------
buy_or_sell = S
code = MXFJ4
price = 9142
amount = 1
price_type = LMT
ordtype = ROD
octtype =  
==========my_ors[CLOSED] dump ======
ord_seq = covering
ord_no = c1234
add_date = 20141209
add_time = 104000
match_time = 104000
ord_bs = B
ord_qty = 1
cancel_qty = 0
ord_match_qty = 1
octype =  
preorder =  
err_code = 0000
------order source--------
buy_or_sell = B
code = MXFJ4
price = 9156
amount = 1
price_type = LMT
ordtype = ROD
octtype =  
TSM_Transaction Diff: -14.0
==========TSM_Transaction F_TSM_Transaction@d05227 dump end======
Transaction.CLOSED
==103500========TSM_Transaction F_TSM_Transaction@ceb84a price:8659 range:479 dump start======
==========my_ors[OPENED] dump ======
ord_seq = stest
ord_no = s1234
add_date = 20141209
add_time = 94800
match_time = 94800
ord_bs = S
ord_qty = 1
cancel_qty = 0
ord_match_qty = 1
octype =  
preorder =  
err_code = 0000
------order source--------
buy_or_sell = S
code = MXFJ4
price = 9138
amount = 1
price_type = LMT
ordtype = ROD
octtype =  
==========my_ors[CLOSED] dump ======
ord_seq = covering
ord_no = c1234
add_date = 20141209
add_time = 103500
match_time = 103500
ord_bs = B
ord_qty = 1
cancel_qty = 0
ord_match_qty = 1
octype =  
preorder =  
err_code = 0000
------order source--------
buy_or_sell = B
code = MXFJ4
price = 9151
amount = 1
price_type = LMT
ordtype = ROD
octtype =  
TSM_Transaction Diff: -13.0
==========TSM_Transaction F_TSM_Transaction@ceb84a dump end======
Transaction.CLOSED
==104000========TSM_Transaction F_TSM_Transaction@1230b79 price:8661 range:481 dump start======
==========my_ors[OPENED] dump ======
ord_seq = stest
ord_no = s1234
add_date = 20141209
add_time = 94900
match_time = 94900
ord_bs = S
ord_qty = 1
cancel_qty = 0
ord_match_qty = 1
octype =  
preorder =  
err_code = 0000
------order source--------
buy_or_sell = S
code = MXFJ4
price = 9142
amount = 1
price_type = LMT
ordtype = ROD
octtype =  
==========my_ors[CLOSED] dump ======
ord_seq = covering
ord_no = c1234
add_date = 20141209
add_time = 104000
match_time = 104000
ord_bs = B
ord_qty = 1
cancel_qty = 0
ord_match_qty = 1
octype =  
preorder =  
err_code = 0000
------order source--------
buy_or_sell = B
code = MXFJ4
price = 9156
amount = 1
price_type = LMT
ordtype = ROD
octtype =  
TSM_Transaction Diff: -14.0
==========TSM_Transaction F_TSM_Transaction@1230b79 dump end======
Transaction.CLOSED
==103500========TSM_Transaction F_TSM_Transaction@be4cab price:8659 range:479 dump start======
==========my_ors[OPENED] dump ======
ord_seq = stest
ord_no = s1234
add_date = 20141209
add_time = 95000
match_time = 95000
ord_bs = S
ord_qty = 1
cancel_qty = 0
ord_match_qty = 1
octype =  
preorder =  
err_code = 0000
------order source--------
buy_or_sell = S
code = MXFJ4
price = 9138
amount = 1
price_type = LMT
ordtype = ROD
octtype =  
==========my_ors[CLOSED] dump ======
ord_seq = covering
ord_no = c1234
add_date = 20141209
add_time = 103500
match_time = 103500
ord_bs = B
ord_qty = 1
cancel_qty = 0
ord_match_qty = 1
octype =  
preorder =  
err_code = 0000
------order source--------
buy_or_sell = B
code = MXFJ4
price = 9151
amount = 1
price_type = LMT
ordtype = ROD
octtype =  
TSM_Transaction Diff: -13.0
==========TSM_Transaction F_TSM_Transaction@be4cab dump end======
Transaction.CLOSED
==103500========TSM_Transaction F_TSM_Transaction@174ee33 price:8659 range:478 dump start======
==========my_ors[OPENED] dump ======
ord_seq = stest
ord_no = s1234
add_date = 20141209
add_time = 95100
match_time = 95100
ord_bs = S
ord_qty = 1
cancel_qty = 0
ord_match_qty = 1
octype =  
preorder =  
err_code = 0000
------order source--------
buy_or_sell = S
code = MXFJ4
price = 9137
amount = 1
price_type = LMT
ordtype = ROD
octtype =  
==========my_ors[CLOSED] dump ======
ord_seq = covering
ord_no = c1234
add_date = 20141209
add_time = 103500
match_time = 103500
ord_bs = B
ord_qty = 1
cancel_qty = 0
ord_match_qty = 1
octype =  
preorder =  
err_code = 0000
------order source--------
buy_or_sell = B
code = MXFJ4
price = 9149
amount = 1
price_type = LMT
ordtype = ROD
octtype =  
TSM_Transaction Diff: -12.0
==========TSM_Transaction F_TSM_Transaction@174ee33 dump end======
Transaction.CLOSED
==95900========TSM_Transaction F_TSM_Transaction@15663ec price:8654 range:473 dump start======
==========my_ors[OPENED] dump ======
ord_seq = stest
ord_no = s1234
add_date = 20141209
add_time = 95200
match_time = 95200
ord_bs = S
ord_qty = 1
cancel_qty = 0
ord_match_qty = 1
octype =  
preorder =  
err_code = 0000
------order source--------
buy_or_sell = S
code = MXFJ4
price = 9127
amount = 1
price_type = LMT
ordtype = ROD
octtype =  
==========my_ors[CLOSED] dump ======
ord_seq = covering
ord_no = c1234
add_date = 20141209
add_time = 95900
match_time = 95900
ord_bs = B
ord_qty = 1
cancel_qty = 0
ord_match_qty = 1
octype =  
preorder =  
err_code = 0000
------order source--------
buy_or_sell = B
code = MXFJ4
price = 9139
amount = 1
price_type = LMT
ordtype = ROD
octtype =  
TSM_Transaction Diff: -12.0
==========TSM_Transaction F_TSM_Transaction@15663ec dump end======
Transaction.CLOSED
==102400========TSM_Transaction F_TSM_Transaction@19dadbf price:8655 range:475 dump start======
==========my_ors[OPENED] dump ======
ord_seq = stest
ord_no = s1234
add_date = 20141209
add_time = 95300
match_time = 95300
ord_bs = S
ord_qty = 1
cancel_qty = 0
ord_match_qty = 1
octype =  
preorder =  
err_code = 0000
------order source--------
buy_or_sell = S
code = MXFJ4
price = 9130
amount = 1
price_type = LMT
ordtype = ROD
octtype =  
==========my_ors[CLOSED] dump ======
ord_seq = covering
ord_no = c1234
add_date = 20141209
add_time = 102400
match_time = 102400
ord_bs = B
ord_qty = 1
cancel_qty = 0
ord_match_qty = 1
octype =  
preorder =  
err_code = 0000
------order source--------
buy_or_sell = B
code = MXFJ4
price = 9142
amount = 1
price_type = LMT
ordtype = ROD
octtype =  
TSM_Transaction Diff: -12.0
==========TSM_Transaction F_TSM_Transaction@19dadbf dump end======
Transaction.CLOSED
==102400========TSM_Transaction F_TSM_Transaction@12b372a price:8655 range:475 dump start======
==========my_ors[OPENED] dump ======
ord_seq = stest
ord_no = s1234
add_date = 20141209
add_time = 95400
match_time = 95400
ord_bs = S
ord_qty = 1
cancel_qty = 0
ord_match_qty = 1
octype =  
preorder =  
err_code = 0000
------order source--------
buy_or_sell = S
code = MXFJ4
price = 9130
amount = 1
price_type = LMT
ordtype = ROD
octtype =  
==========my_ors[CLOSED] dump ======
ord_seq = covering
ord_no = c1234
add_date = 20141209
add_time = 102400
match_time = 102400
ord_bs = B
ord_qty = 1
cancel_qty = 0
ord_match_qty = 1
octype =  
preorder =  
err_code = 0000
------order source--------
buy_or_sell = B
code = MXFJ4
price = 9142
amount = 1
price_type = LMT
ordtype = ROD
octtype =  
TSM_Transaction Diff: -12.0
==========TSM_Transaction F_TSM_Transaction@12b372a dump end======
Transaction.CLOSED
==102400========TSM_Transaction F_TSM_Transaction@13f1750 price:8656 range:476 dump start======
==========my_ors[OPENED] dump ======
ord_seq = stest
ord_no = s1234
add_date = 20141209
add_time = 95500
match_time = 95500
ord_bs = S
ord_qty = 1
cancel_qty = 0
ord_match_qty = 1
octype =  
preorder =  
err_code = 0000
------order source--------
buy_or_sell = S
code = MXFJ4
price = 9132
amount = 1
price_type = LMT
ordtype = ROD
octtype =  
==========my_ors[CLOSED] dump ======
ord_seq = covering
ord_no = c1234
add_date = 20141209
add_time = 102400
match_time = 102400
ord_bs = B
ord_qty = 1
cancel_qty = 0
ord_match_qty = 1
octype =  
preorder =  
err_code = 0000
------order source--------
buy_or_sell = B
code = MXFJ4
price = 9144
amount = 1
price_type = LMT
ordtype = ROD
octtype =  
TSM_Transaction Diff: -12.0
==========TSM_Transaction F_TSM_Transaction@13f1750 dump end======
Transaction.CLOSED
==102400========TSM_Transaction F_TSM_Transaction@effd48 price:8656 range:476 dump start======
==========my_ors[OPENED] dump ======
ord_seq = stest
ord_no = s1234
add_date = 20141209
add_time = 95600
match_time = 95600
ord_bs = S
ord_qty = 1
cancel_qty = 0
ord_match_qty = 1
octype =  
preorder =  
err_code = 0000
------order source--------
buy_or_sell = S
code = MXFJ4
price = 9132
amount = 1
price_type = LMT
ordtype = ROD
octtype =  
==========my_ors[CLOSED] dump ======
ord_seq = covering
ord_no = c1234
add_date = 20141209
add_time = 102400
match_time = 102400
ord_bs = B
ord_qty = 1
cancel_qty = 0
ord_match_qty = 1
octype =  
preorder =  
err_code = 0000
------order source--------
buy_or_sell = B
code = MXFJ4
price = 9144
amount = 1
price_type = LMT
ordtype = ROD
octtype =  
TSM_Transaction Diff: -12.0
==========TSM_Transaction F_TSM_Transaction@effd48 dump end======
Transaction.CLOSED
==102500========TSM_Transaction F_TSM_Transaction@12c781 price:8657 range:477 dump start======
==========my_ors[OPENED] dump ======
ord_seq = stest
ord_no = s1234
add_date = 20141209
add_time = 95700
match_time = 95700
ord_bs = S
ord_qty = 1
cancel_qty = 0
ord_match_qty = 1
octype =  
preorder =  
err_code = 0000
------order source--------
buy_or_sell = S
code = MXFJ4
price = 9134
amount = 1
price_type = LMT
ordtype = ROD
octtype =  
==========my_ors[CLOSED] dump ======
ord_seq = covering
ord_no = c1234
add_date = 20141209
add_time = 102500
match_time = 102500
ord_bs = B
ord_qty = 1
cancel_qty = 0
ord_match_qty = 1
octype =  
preorder =  
err_code = 0000
------order source--------
buy_or_sell = B
code = MXFJ4
price = 9146
amount = 1
price_type = LMT
ordtype = ROD
octtype =  
TSM_Transaction Diff: -12.0
==========TSM_Transaction F_TSM_Transaction@12c781 dump end======
Transaction.CLOSED
==103500========TSM_Transaction F_TSM_Transaction@1b3280e price:8659 range:478 dump start======
==========my_ors[OPENED] dump ======
ord_seq = stest
ord_no = s1234
add_date = 20141209
add_time = 95800
match_time = 95800
ord_bs = S
ord_qty = 1
cancel_qty = 0
ord_match_qty = 1
octype =  
preorder =  
err_code = 0000
------order source--------
buy_or_sell = S
code = MXFJ4
price = 9137
amount = 1
price_type = LMT
ordtype = ROD
octtype =  
==========my_ors[CLOSED] dump ======
ord_seq = covering
ord_no = c1234
add_date = 20141209
add_time = 103500
match_time = 103500
ord_bs = B
ord_qty = 1
cancel_qty = 0
ord_match_qty = 1
octype =  
preorder =  
err_code = 0000
------order source--------
buy_or_sell = B
code = MXFJ4
price = 9149
amount = 1
price_type = LMT
ordtype = ROD
octtype =  
TSM_Transaction Diff: -12.0
==========TSM_Transaction F_TSM_Transaction@1b3280e dump end======
Transaction.CLOSED
==102500========TSM_Transaction F_TSM_Transaction@7efb1 price:8657 range:476 dump start======
==========my_ors[OPENED] dump ======
ord_seq = stest
ord_no = s1234
add_date = 20141209
add_time = 95900
match_time = 95900
ord_bs = S
ord_qty = 1
cancel_qty = 0
ord_match_qty = 1
octype =  
preorder =  
err_code = 0000
------order source--------
buy_or_sell = S
code = MXFJ4
price = 9133
amount = 1
price_type = LMT
ordtype = ROD
octtype =  
==========my_ors[CLOSED] dump ======
ord_seq = covering
ord_no = c1234
add_date = 20141209
add_time = 102500
match_time = 102500
ord_bs = B
ord_qty = 1
cancel_qty = 0
ord_match_qty = 1
octype =  
preorder =  
err_code = 0000
------order source--------
buy_or_sell = B
code = MXFJ4
price = 9145
amount = 1
price_type = LMT
ordtype = ROD
octtype =  
TSM_Transaction Diff: -12.0
==========TSM_Transaction F_TSM_Transaction@7efb1 dump end======
Transaction.CLOSED
==102500========TSM_Transaction F_TSM_Transaction@17cdd39 price:8657 range:477 dump start======
==========my_ors[OPENED] dump ======
ord_seq = stest
ord_no = s1234
add_date = 20141209
add_time = 100000
match_time = 100000
ord_bs = S
ord_qty = 1
cancel_qty = 0
ord_match_qty = 1
octype =  
preorder =  
err_code = 0000
------order source--------
buy_or_sell = S
code = MXFJ4
price = 9134
amount = 1
price_type = LMT
ordtype = ROD
octtype =  
==========my_ors[CLOSED] dump ======
ord_seq = covering
ord_no = c1234
add_date = 20141209
add_time = 102500
match_time = 102500
ord_bs = B
ord_qty = 1
cancel_qty = 0
ord_match_qty = 1
octype =  
preorder =  
err_code = 0000
------order source--------
buy_or_sell = B
code = MXFJ4
price = 9146
amount = 1
price_type = LMT
ordtype = ROD
octtype =  
TSM_Transaction Diff: -12.0
==========TSM_Transaction F_TSM_Transaction@17cdd39 dump end======
Transaction.CLOSED
==102500========TSM_Transaction F_TSM_Transaction@6d5e50 price:8657 range:477 dump start======
==========my_ors[OPENED] dump ======
ord_seq = stest
ord_no = s1234
add_date = 20141209
add_time = 100100
match_time = 100100
ord_bs = S
ord_qty = 1
cancel_qty = 0
ord_match_qty = 1
octype =  
preorder =  
err_code = 0000
------order source--------
buy_or_sell = S
code = MXFJ4
price = 9134
amount = 1
price_type = LMT
ordtype = ROD
octtype =  
==========my_ors[CLOSED] dump ======
ord_seq = covering
ord_no = c1234
add_date = 20141209
add_time = 102500
match_time = 102500
ord_bs = B
ord_qty = 1
cancel_qty = 0
ord_match_qty = 1
octype =  
preorder =  
err_code = 0000
------order source--------
buy_or_sell = B
code = MXFJ4
price = 9146
amount = 1
price_type = LMT
ordtype = ROD
octtype =  
TSM_Transaction Diff: -12.0
==========TSM_Transaction F_TSM_Transaction@6d5e50 dump end======
Transaction.CLOSED
==102500========TSM_Transaction F_TSM_Transaction@15c1c31 price:8658 range:477 dump start======
==========my_ors[OPENED] dump ======
ord_seq = stest
ord_no = s1234
add_date = 20141209
add_time = 100200
match_time = 100200
ord_bs = S
ord_qty = 1
cancel_qty = 0
ord_match_qty = 1
octype =  
preorder =  
err_code = 0000
------order source--------
buy_or_sell = S
code = MXFJ4
price = 9135
amount = 1
price_type = LMT
ordtype = ROD
octtype =  
==========my_ors[CLOSED] dump ======
ord_seq = covering
ord_no = c1234
add_date = 20141209
add_time = 102500
match_time = 102500
ord_bs = B
ord_qty = 1
cancel_qty = 0
ord_match_qty = 1
octype =  
preorder =  
err_code = 0000
------order source--------
buy_or_sell = B
code = MXFJ4
price = 9147
amount = 1
price_type = LMT
ordtype = ROD
octtype =  
TSM_Transaction Diff: -12.0
==========TSM_Transaction F_TSM_Transaction@15c1c31 dump end======
Transaction.CLOSED
==103500========TSM_Transaction F_TSM_Transaction@3e9415 price:8659 range:478 dump start======
==========my_ors[OPENED] dump ======
ord_seq = stest
ord_no = s1234
add_date = 20141209
add_time = 100300
match_time = 100300
ord_bs = S
ord_qty = 1
cancel_qty = 0
ord_match_qty = 1
octype =  
preorder =  
err_code = 0000
------order source--------
buy_or_sell = S
code = MXFJ4
price = 9137
amount = 1
price_type = LMT
ordtype = ROD
octtype =  
==========my_ors[CLOSED] dump ======
ord_seq = covering
ord_no = c1234
add_date = 20141209
add_time = 103500
match_time = 103500
ord_bs = B
ord_qty = 1
cancel_qty = 0
ord_match_qty = 1
octype =  
preorder =  
err_code = 0000
------order source--------
buy_or_sell = B
code = MXFJ4
price = 9149
amount = 1
price_type = LMT
ordtype = ROD
octtype =  
TSM_Transaction Diff: -12.0
==========TSM_Transaction F_TSM_Transaction@3e9415 dump end======
Transaction.CLOSED
==102400========TSM_Transaction F_TSM_Transaction@14d2137 price:8656 range:476 dump start======
==========my_ors[OPENED] dump ======
ord_seq = stest
ord_no = s1234
add_date = 20141209
add_time = 100400
match_time = 100400
ord_bs = S
ord_qty = 1
cancel_qty = 0
ord_match_qty = 1
octype =  
preorder =  
err_code = 0000
------order source--------
buy_or_sell = S
code = MXFJ4
price = 9132
amount = 1
price_type = LMT
ordtype = ROD
octtype =  
==========my_ors[CLOSED] dump ======
ord_seq = covering
ord_no = c1234
add_date = 20141209
add_time = 102400
match_time = 102400
ord_bs = B
ord_qty = 1
cancel_qty = 0
ord_match_qty = 1
octype =  
preorder =  
err_code = 0000
------order source--------
buy_or_sell = B
code = MXFJ4
price = 9144
amount = 1
price_type = LMT
ordtype = ROD
octtype =  
TSM_Transaction Diff: -12.0
==========TSM_Transaction F_TSM_Transaction@14d2137 dump end======
Transaction.CLOSED
==103400========TSM_Transaction F_TSM_Transaction@12e7a00 price:8658 range:478 dump start======
==========my_ors[OPENED] dump ======
ord_seq = stest
ord_no = s1234
add_date = 20141209
add_time = 100500
match_time = 100500
ord_bs = S
ord_qty = 1
cancel_qty = 0
ord_match_qty = 1
octype =  
preorder =  
err_code = 0000
------order source--------
buy_or_sell = S
code = MXFJ4
price = 9136
amount = 1
price_type = LMT
ordtype = ROD
octtype =  
==========my_ors[CLOSED] dump ======
ord_seq = covering
ord_no = c1234
add_date = 20141209
add_time = 103400
match_time = 103400
ord_bs = B
ord_qty = 1
cancel_qty = 0
ord_match_qty = 1
octype =  
preorder =  
err_code = 0000
------order source--------
buy_or_sell = B
code = MXFJ4
price = 9148
amount = 1
price_type = LMT
ordtype = ROD
octtype =  
TSM_Transaction Diff: -12.0
==========TSM_Transaction F_TSM_Transaction@12e7a00 dump end======
Transaction.CLOSED
==102500========TSM_Transaction F_TSM_Transaction@fb8a51 price:8657 range:476 dump start======
==========my_ors[OPENED] dump ======
ord_seq = stest
ord_no = s1234
add_date = 20141209
add_time = 100600
match_time = 100600
ord_bs = S
ord_qty = 1
cancel_qty = 0
ord_match_qty = 1
octype =  
preorder =  
err_code = 0000
------order source--------
buy_or_sell = S
code = MXFJ4
price = 9133
amount = 1
price_type = LMT
ordtype = ROD
octtype =  
==========my_ors[CLOSED] dump ======
ord_seq = covering
ord_no = c1234
add_date = 20141209
add_time = 102500
match_time = 102500
ord_bs = B
ord_qty = 1
cancel_qty = 0
ord_match_qty = 1
octype =  
preorder =  
err_code = 0000
------order source--------
buy_or_sell = B
code = MXFJ4
price = 9145
amount = 1
price_type = LMT
ordtype = ROD
octtype =  
TSM_Transaction Diff: -12.0
==========TSM_Transaction F_TSM_Transaction@fb8a51 dump end======
Transaction.CLOSED
==102500========TSM_Transaction F_TSM_Transaction@1d05347 price:8657 range:476 dump start======
==========my_ors[OPENED] dump ======
ord_seq = stest
ord_no = s1234
add_date = 20141209
add_time = 100700
match_time = 100700
ord_bs = S
ord_qty = 1
cancel_qty = 0
ord_match_qty = 1
octype =  
preorder =  
err_code = 0000
------order source--------
buy_or_sell = S
code = MXFJ4
price = 9133
amount = 1
price_type = LMT
ordtype = ROD
octtype =  
==========my_ors[CLOSED] dump ======
ord_seq = covering
ord_no = c1234
add_date = 20141209
add_time = 102500
match_time = 102500
ord_bs = B
ord_qty = 1
cancel_qty = 0
ord_match_qty = 1
octype =  
preorder =  
err_code = 0000
------order source--------
buy_or_sell = B
code = MXFJ4
price = 9145
amount = 1
price_type = LMT
ordtype = ROD
octtype =  
TSM_Transaction Diff: -12.0
==========TSM_Transaction F_TSM_Transaction@1d05347 dump end======
Transaction.CLOSED
==102500========TSM_Transaction F_TSM_Transaction@1ef2708 price:8658 range:477 dump start======
==========my_ors[OPENED] dump ======
ord_seq = stest
ord_no = s1234
add_date = 20141209
add_time = 100800
match_time = 100800
ord_bs = S
ord_qty = 1
cancel_qty = 0
ord_match_qty = 1
octype =  
preorder =  
err_code = 0000
------order source--------
buy_or_sell = S
code = MXFJ4
price = 9135
amount = 1
price_type = LMT
ordtype = ROD
octtype =  
==========my_ors[CLOSED] dump ======
ord_seq = covering
ord_no = c1234
add_date = 20141209
add_time = 102500
match_time = 102500
ord_bs = B
ord_qty = 1
cancel_qty = 0
ord_match_qty = 1
octype =  
preorder =  
err_code = 0000
------order source--------
buy_or_sell = B
code = MXFJ4
price = 9147
amount = 1
price_type = LMT
ordtype = ROD
octtype =  
TSM_Transaction Diff: -12.0
==========TSM_Transaction F_TSM_Transaction@1ef2708 dump end======
Transaction.CLOSED
==102400========TSM_Transaction F_TSM_Transaction@150bc39 price:8656 range:476 dump start======
==========my_ors[OPENED] dump ======
ord_seq = stest
ord_no = s1234
add_date = 20141209
add_time = 100900
match_time = 100900
ord_bs = S
ord_qty = 1
cancel_qty = 0
ord_match_qty = 1
octype =  
preorder =  
err_code = 0000
------order source--------
buy_or_sell = S
code = MXFJ4
price = 9132
amount = 1
price_type = LMT
ordtype = ROD
octtype =  
==========my_ors[CLOSED] dump ======
ord_seq = covering
ord_no = c1234
add_date = 20141209
add_time = 102400
match_time = 102400
ord_bs = B
ord_qty = 1
cancel_qty = 0
ord_match_qty = 1
octype =  
preorder =  
err_code = 0000
------order source--------
buy_or_sell = B
code = MXFJ4
price = 9144
amount = 1
price_type = LMT
ordtype = ROD
octtype =  
TSM_Transaction Diff: -12.0
==========TSM_Transaction F_TSM_Transaction@150bc39 dump end======
Transaction.CLOSED
==102500========TSM_Transaction F_TSM_Transaction@7c2d15 price:8657 range:477 dump start======
==========my_ors[OPENED] dump ======
ord_seq = stest
ord_no = s1234
add_date = 20141209
add_time = 101000
match_time = 101000
ord_bs = S
ord_qty = 1
cancel_qty = 0
ord_match_qty = 1
octype =  
preorder =  
err_code = 0000
------order source--------
buy_or_sell = S
code = MXFJ4
price = 9134
amount = 1
price_type = LMT
ordtype = ROD
octtype =  
==========my_ors[CLOSED] dump ======
ord_seq = covering
ord_no = c1234
add_date = 20141209
add_time = 102500
match_time = 102500
ord_bs = B
ord_qty = 1
cancel_qty = 0
ord_match_qty = 1
octype =  
preorder =  
err_code = 0000
------order source--------
buy_or_sell = B
code = MXFJ4
price = 9146
amount = 1
price_type = LMT
ordtype = ROD
octtype =  
TSM_Transaction Diff: -12.0
==========TSM_Transaction F_TSM_Transaction@7c2d15 dump end======
Transaction.CLOSED
==102500========TSM_Transaction F_TSM_Transaction@864a5a price:8658 range:477 dump start======
==========my_ors[OPENED] dump ======
ord_seq = stest
ord_no = s1234
add_date = 20141209
add_time = 101100
match_time = 101100
ord_bs = S
ord_qty = 1
cancel_qty = 0
ord_match_qty = 1
octype =  
preorder =  
err_code = 0000
------order source--------
buy_or_sell = S
code = MXFJ4
price = 9135
amount = 1
price_type = LMT
ordtype = ROD
octtype =  
==========my_ors[CLOSED] dump ======
ord_seq = covering
ord_no = c1234
add_date = 20141209
add_time = 102500
match_time = 102500
ord_bs = B
ord_qty = 1
cancel_qty = 0
ord_match_qty = 1
octype =  
preorder =  
err_code = 0000
------order source--------
buy_or_sell = B
code = MXFJ4
price = 9147
amount = 1
price_type = LMT
ordtype = ROD
octtype =  
TSM_Transaction Diff: -12.0
==========TSM_Transaction F_TSM_Transaction@864a5a dump end======
Transaction.CLOSED
==103400========TSM_Transaction F_TSM_Transaction@651888 price:8658 range:478 dump start======
==========my_ors[OPENED] dump ======
ord_seq = stest
ord_no = s1234
add_date = 20141209
add_time = 101200
match_time = 101200
ord_bs = S
ord_qty = 1
cancel_qty = 0
ord_match_qty = 1
octype =  
preorder =  
err_code = 0000
------order source--------
buy_or_sell = S
code = MXFJ4
price = 9136
amount = 1
price_type = LMT
ordtype = ROD
octtype =  
==========my_ors[CLOSED] dump ======
ord_seq = covering
ord_no = c1234
add_date = 20141209
add_time = 103400
match_time = 103400
ord_bs = B
ord_qty = 1
cancel_qty = 0
ord_match_qty = 1
octype =  
preorder =  
err_code = 0000
------order source--------
buy_or_sell = B
code = MXFJ4
price = 9148
amount = 1
price_type = LMT
ordtype = ROD
octtype =  
TSM_Transaction Diff: -12.0
==========TSM_Transaction F_TSM_Transaction@651888 dump end======
Transaction.CLOSED
==102500========TSM_Transaction F_TSM_Transaction@13b010b price:8657 range:477 dump start======
==========my_ors[OPENED] dump ======
ord_seq = stest
ord_no = s1234
add_date = 20141209
add_time = 101300
match_time = 101300
ord_bs = S
ord_qty = 1
cancel_qty = 0
ord_match_qty = 1
octype =  
preorder =  
err_code = 0000
------order source--------
buy_or_sell = S
code = MXFJ4
price = 9134
amount = 1
price_type = LMT
ordtype = ROD
octtype =  
==========my_ors[CLOSED] dump ======
ord_seq = covering
ord_no = c1234
add_date = 20141209
add_time = 102500
match_time = 102500
ord_bs = B
ord_qty = 1
cancel_qty = 0
ord_match_qty = 1
octype =  
preorder =  
err_code = 0000
------order source--------
buy_or_sell = B
code = MXFJ4
price = 9146
amount = 1
price_type = LMT
ordtype = ROD
octtype =  
TSM_Transaction Diff: -12.0
==========TSM_Transaction F_TSM_Transaction@13b010b dump end======
Transaction.CLOSED
==102500========TSM_Transaction F_TSM_Transaction@884bc7 price:8657 range:476 dump start======
==========my_ors[OPENED] dump ======
ord_seq = stest
ord_no = s1234
add_date = 20141209
add_time = 101400
match_time = 101400
ord_bs = S
ord_qty = 1
cancel_qty = 0
ord_match_qty = 1
octype =  
preorder =  
err_code = 0000
------order source--------
buy_or_sell = S
code = MXFJ4
price = 9133
amount = 1
price_type = LMT
ordtype = ROD
octtype =  
==========my_ors[CLOSED] dump ======
ord_seq = covering
ord_no = c1234
add_date = 20141209
add_time = 102500
match_time = 102500
ord_bs = B
ord_qty = 1
cancel_qty = 0
ord_match_qty = 1
octype =  
preorder =  
err_code = 0000
------order source--------
buy_or_sell = B
code = MXFJ4
price = 9145
amount = 1
price_type = LMT
ordtype = ROD
octtype =  
TSM_Transaction Diff: -12.0
==========TSM_Transaction F_TSM_Transaction@884bc7 dump end======
Transaction.CLOSED
==102500========TSM_Transaction F_TSM_Transaction@aab82e price:8657 range:476 dump start======
==========my_ors[OPENED] dump ======
ord_seq = stest
ord_no = s1234
add_date = 20141209
add_time = 101500
match_time = 101500
ord_bs = S
ord_qty = 1
cancel_qty = 0
ord_match_qty = 1
octype =  
preorder =  
err_code = 0000
------order source--------
buy_or_sell = S
code = MXFJ4
price = 9133
amount = 1
price_type = LMT
ordtype = ROD
octtype =  
==========my_ors[CLOSED] dump ======
ord_seq = covering
ord_no = c1234
add_date = 20141209
add_time = 102500
match_time = 102500
ord_bs = B
ord_qty = 1
cancel_qty = 0
ord_match_qty = 1
octype =  
preorder =  
err_code = 0000
------order source--------
buy_or_sell = B
code = MXFJ4
price = 9145
amount = 1
price_type = LMT
ordtype = ROD
octtype =  
TSM_Transaction Diff: -12.0
==========TSM_Transaction F_TSM_Transaction@aab82e dump end======
Transaction.CLOSED
==102500========TSM_Transaction F_TSM_Transaction@1c27a51 price:8657 range:477 dump start======
==========my_ors[OPENED] dump ======
ord_seq = stest
ord_no = s1234
add_date = 20141209
add_time = 101600
match_time = 101600
ord_bs = S
ord_qty = 1
cancel_qty = 0
ord_match_qty = 1
octype =  
preorder =  
err_code = 0000
------order source--------
buy_or_sell = S
code = MXFJ4
price = 9134
amount = 1
price_type = LMT
ordtype = ROD
octtype =  
==========my_ors[CLOSED] dump ======
ord_seq = covering
ord_no = c1234
add_date = 20141209
add_time = 102500
match_time = 102500
ord_bs = B
ord_qty = 1
cancel_qty = 0
ord_match_qty = 1
octype =  
preorder =  
err_code = 0000
------order source--------
buy_or_sell = B
code = MXFJ4
price = 9146
amount = 1
price_type = LMT
ordtype = ROD
octtype =  
TSM_Transaction Diff: -12.0
==========TSM_Transaction F_TSM_Transaction@1c27a51 dump end======
Transaction.CLOSED
==102500========TSM_Transaction F_TSM_Transaction@180d942 price:8658 range:477 dump start======
==========my_ors[OPENED] dump ======
ord_seq = stest
ord_no = s1234
add_date = 20141209
add_time = 101700
match_time = 101700
ord_bs = S
ord_qty = 1
cancel_qty = 0
ord_match_qty = 1
octype =  
preorder =  
err_code = 0000
------order source--------
buy_or_sell = S
code = MXFJ4
price = 9135
amount = 1
price_type = LMT
ordtype = ROD
octtype =  
==========my_ors[CLOSED] dump ======
ord_seq = covering
ord_no = c1234
add_date = 20141209
add_time = 102500
match_time = 102500
ord_bs = B
ord_qty = 1
cancel_qty = 0
ord_match_qty = 1
octype =  
preorder =  
err_code = 0000
------order source--------
buy_or_sell = B
code = MXFJ4
price = 9147
amount = 1
price_type = LMT
ordtype = ROD
octtype =  
TSM_Transaction Diff: -12.0
==========TSM_Transaction F_TSM_Transaction@180d942 dump end======
Transaction.CLOSED
==103500========TSM_Transaction F_TSM_Transaction@1ae1cd0 price:8659 range:478 dump start======
==========my_ors[OPENED] dump ======
ord_seq = stest
ord_no = s1234
add_date = 20141209
add_time = 101800
match_time = 101800
ord_bs = S
ord_qty = 1
cancel_qty = 0
ord_match_qty = 1
octype =  
preorder =  
err_code = 0000
------order source--------
buy_or_sell = S
code = MXFJ4
price = 9137
amount = 1
price_type = LMT
ordtype = ROD
octtype =  
==========my_ors[CLOSED] dump ======
ord_seq = covering
ord_no = c1234
add_date = 20141209
add_time = 103500
match_time = 103500
ord_bs = B
ord_qty = 1
cancel_qty = 0
ord_match_qty = 1
octype =  
preorder =  
err_code = 0000
------order source--------
buy_or_sell = B
code = MXFJ4
price = 9149
amount = 1
price_type = LMT
ordtype = ROD
octtype =  
TSM_Transaction Diff: -12.0
==========TSM_Transaction F_TSM_Transaction@1ae1cd0 dump end======
Transaction.CLOSED
==103400========TSM_Transaction F_TSM_Transaction@1a0b422 price:8658 range:478 dump start======
==========my_ors[OPENED] dump ======
ord_seq = stest
ord_no = s1234
add_date = 20141209
add_time = 101900
match_time = 101900
ord_bs = S
ord_qty = 1
cancel_qty = 0
ord_match_qty = 1
octype =  
preorder =  
err_code = 0000
------order source--------
buy_or_sell = S
code = MXFJ4
price = 9136
amount = 1
price_type = LMT
ordtype = ROD
octtype =  
==========my_ors[CLOSED] dump ======
ord_seq = covering
ord_no = c1234
add_date = 20141209
add_time = 103400
match_time = 103400
ord_bs = B
ord_qty = 1
cancel_qty = 0
ord_match_qty = 1
octype =  
preorder =  
err_code = 0000
------order source--------
buy_or_sell = B
code = MXFJ4
price = 9148
amount = 1
price_type = LMT
ordtype = ROD
octtype =  
TSM_Transaction Diff: -12.0
==========TSM_Transaction F_TSM_Transaction@1a0b422 dump end======
Transaction.CLOSED
==102500========TSM_Transaction F_TSM_Transaction@13c22d5 price:8658 range:477 dump start======
==========my_ors[OPENED] dump ======
ord_seq = stest
ord_no = s1234
add_date = 20141209
add_time = 102000
match_time = 102000
ord_bs = S
ord_qty = 1
cancel_qty = 0
ord_match_qty = 1
octype =  
preorder =  
err_code = 0000
------order source--------
buy_or_sell = S
code = MXFJ4
price = 9135
amount = 1
price_type = LMT
ordtype = ROD
octtype =  
==========my_ors[CLOSED] dump ======
ord_seq = covering
ord_no = c1234
add_date = 20141209
add_time = 102500
match_time = 102500
ord_bs = B
ord_qty = 1
cancel_qty = 0
ord_match_qty = 1
octype =  
preorder =  
err_code = 0000
------order source--------
buy_or_sell = B
code = MXFJ4
price = 9147
amount = 1
price_type = LMT
ordtype = ROD
octtype =  
TSM_Transaction Diff: -12.0
==========TSM_Transaction F_TSM_Transaction@13c22d5 dump end======
Transaction.CLOSED
==103500========TSM_Transaction F_TSM_Transaction@10e74e6 price:8659 range:479 dump start======
==========my_ors[OPENED] dump ======
ord_seq = stest
ord_no = s1234
add_date = 20141209
add_time = 102100
match_time = 102100
ord_bs = S
ord_qty = 1
cancel_qty = 0
ord_match_qty = 1
octype =  
preorder =  
err_code = 0000
------order source--------
buy_or_sell = S
code = MXFJ4
price = 9138
amount = 1
price_type = LMT
ordtype = ROD
octtype =  
==========my_ors[CLOSED] dump ======
ord_seq = covering
ord_no = c1234
add_date = 20141209
add_time = 103500
match_time = 103500
ord_bs = B
ord_qty = 1
cancel_qty = 0
ord_match_qty = 1
octype =  
preorder =  
err_code = 0000
------order source--------
buy_or_sell = B
code = MXFJ4
price = 9151
amount = 1
price_type = LMT
ordtype = ROD
octtype =  
TSM_Transaction Diff: -13.0
==========TSM_Transaction F_TSM_Transaction@10e74e6 dump end======
Transaction.CLOSED
==103400========TSM_Transaction F_TSM_Transaction@15a0bf8 price:8658 range:478 dump start======
==========my_ors[OPENED] dump ======
ord_seq = stest
ord_no = s1234
add_date = 20141209
add_time = 102200
match_time = 102200
ord_bs = S
ord_qty = 1
cancel_qty = 0
ord_match_qty = 1
octype =  
preorder =  
err_code = 0000
------order source--------
buy_or_sell = S
code = MXFJ4
price = 9136
amount = 1
price_type = LMT
ordtype = ROD
octtype =  
==========my_ors[CLOSED] dump ======
ord_seq = covering
ord_no = c1234
add_date = 20141209
add_time = 103400
match_time = 103400
ord_bs = B
ord_qty = 1
cancel_qty = 0
ord_match_qty = 1
octype =  
preorder =  
err_code = 0000
------order source--------
buy_or_sell = B
code = MXFJ4
price = 9148
amount = 1
price_type = LMT
ordtype = ROD
octtype =  
TSM_Transaction Diff: -12.0
==========TSM_Transaction F_TSM_Transaction@15a0bf8 dump end======
Transaction.CLOSED
==103500========TSM_Transaction F_TSM_Transaction@1104919 price:8659 range:479 dump start======
==========my_ors[OPENED] dump ======
ord_seq = stest
ord_no = s1234
add_date = 20141209
add_time = 102300
match_time = 102300
ord_bs = S
ord_qty = 1
cancel_qty = 0
ord_match_qty = 1
octype =  
preorder =  
err_code = 0000
------order source--------
buy_or_sell = S
code = MXFJ4
price = 9138
amount = 1
price_type = LMT
ordtype = ROD
octtype =  
==========my_ors[CLOSED] dump ======
ord_seq = covering
ord_no = c1234
add_date = 20141209
add_time = 103500
match_time = 103500
ord_bs = B
ord_qty = 1
cancel_qty = 0
ord_match_qty = 1
octype =  
preorder =  
err_code = 0000
------order source--------
buy_or_sell = B
code = MXFJ4
price = 9151
amount = 1
price_type = LMT
ordtype = ROD
octtype =  
TSM_Transaction Diff: -13.0
==========TSM_Transaction F_TSM_Transaction@1104919 dump end======
Transaction.CLOSED
==104000========TSM_Transaction F_TSM_Transaction@12cccfb price:8661 range:481 dump start======
==========my_ors[OPENED] dump ======
ord_seq = stest
ord_no = s1234
add_date = 20141209
add_time = 102400
match_time = 102400
ord_bs = S
ord_qty = 1
cancel_qty = 0
ord_match_qty = 1
octype =  
preorder =  
err_code = 0000
------order source--------
buy_or_sell = S
code = MXFJ4
price = 9142
amount = 1
price_type = LMT
ordtype = ROD
octtype =  
==========my_ors[CLOSED] dump ======
ord_seq = covering
ord_no = c1234
add_date = 20141209
add_time = 104000
match_time = 104000
ord_bs = B
ord_qty = 1
cancel_qty = 0
ord_match_qty = 1
octype =  
preorder =  
err_code = 0000
------order source--------
buy_or_sell = B
code = MXFJ4
price = 9156
amount = 1
price_type = LMT
ordtype = ROD
octtype =  
TSM_Transaction Diff: -14.0
==========TSM_Transaction F_TSM_Transaction@12cccfb dump end======
Transaction.CLOSED
==104000========TSM_Transaction F_TSM_Transaction@13607c7 price:8661 range:481 dump start======
==========my_ors[OPENED] dump ======
ord_seq = stest
ord_no = s1234
add_date = 20141209
add_time = 102500
match_time = 102500
ord_bs = S
ord_qty = 1
cancel_qty = 0
ord_match_qty = 1
octype =  
preorder =  
err_code = 0000
------order source--------
buy_or_sell = S
code = MXFJ4
price = 9142
amount = 1
price_type = LMT
ordtype = ROD
octtype =  
==========my_ors[CLOSED] dump ======
ord_seq = covering
ord_no = c1234
add_date = 20141209
add_time = 104000
match_time = 104000
ord_bs = B
ord_qty = 1
cancel_qty = 0
ord_match_qty = 1
octype =  
preorder =  
err_code = 0000
------order source--------
buy_or_sell = B
code = MXFJ4
price = 9156
amount = 1
price_type = LMT
ordtype = ROD
octtype =  
TSM_Transaction Diff: -14.0
==========TSM_Transaction F_TSM_Transaction@13607c7 dump end======
Transaction.CLOSED
==104000========TSM_Transaction F_TSM_Transaction@18cdf54 price:8661 range:480 dump start======
==========my_ors[OPENED] dump ======
ord_seq = stest
ord_no = s1234
add_date = 20141209
add_time = 102600
match_time = 102600
ord_bs = S
ord_qty = 1
cancel_qty = 0
ord_match_qty = 1
octype =  
preorder =  
err_code = 0000
------order source--------
buy_or_sell = S
code = MXFJ4
price = 9141
amount = 1
price_type = LMT
ordtype = ROD
octtype =  
==========my_ors[CLOSED] dump ======
ord_seq = covering
ord_no = c1234
add_date = 20141209
add_time = 104000
match_time = 104000
ord_bs = B
ord_qty = 1
cancel_qty = 0
ord_match_qty = 1
octype =  
preorder =  
err_code = 0000
------order source--------
buy_or_sell = B
code = MXFJ4
price = 9156
amount = 1
price_type = LMT
ordtype = ROD
octtype =  
TSM_Transaction Diff: -15.0
==========TSM_Transaction F_TSM_Transaction@18cdf54 dump end======
Transaction.CLOSED
==104000========TSM_Transaction F_TSM_Transaction@17d9531 price:8661 range:480 dump start======
==========my_ors[OPENED] dump ======
ord_seq = stest
ord_no = s1234
add_date = 20141209
add_time = 102700
match_time = 102700
ord_bs = S
ord_qty = 1
cancel_qty = 0
ord_match_qty = 1
octype =  
preorder =  
err_code = 0000
------order source--------
buy_or_sell = S
code = MXFJ4
price = 9141
amount = 1
price_type = LMT
ordtype = ROD
octtype =  
==========my_ors[CLOSED] dump ======
ord_seq = covering
ord_no = c1234
add_date = 20141209
add_time = 104000
match_time = 104000
ord_bs = B
ord_qty = 1
cancel_qty = 0
ord_match_qty = 1
octype =  
preorder =  
err_code = 0000
------order source--------
buy_or_sell = B
code = MXFJ4
price = 9156
amount = 1
price_type = LMT
ordtype = ROD
octtype =  
TSM_Transaction Diff: -15.0
==========TSM_Transaction F_TSM_Transaction@17d9531 dump end======
Transaction.CLOSED
==104000========TSM_Transaction F_TSM_Transaction@1182eb4 price:8661 range:480 dump start======
==========my_ors[OPENED] dump ======
ord_seq = stest
ord_no = s1234
add_date = 20141209
add_time = 102800
match_time = 102800
ord_bs = S
ord_qty = 1
cancel_qty = 0
ord_match_qty = 1
octype =  
preorder =  
err_code = 0000
------order source--------
buy_or_sell = S
code = MXFJ4
price = 9141
amount = 1
price_type = LMT
ordtype = ROD
octtype =  
==========my_ors[CLOSED] dump ======
ord_seq = covering
ord_no = c1234
add_date = 20141209
add_time = 104000
match_time = 104000
ord_bs = B
ord_qty = 1
cancel_qty = 0
ord_match_qty = 1
octype =  
preorder =  
err_code = 0000
------order source--------
buy_or_sell = B
code = MXFJ4
price = 9156
amount = 1
price_type = LMT
ordtype = ROD
octtype =  
TSM_Transaction Diff: -15.0
==========TSM_Transaction F_TSM_Transaction@1182eb4 dump end======
Transaction.CLOSED
==104000========TSM_Transaction F_TSM_Transaction@c1790d price:8661 range:481 dump start======
==========my_ors[OPENED] dump ======
ord_seq = stest
ord_no = s1234
add_date = 20141209
add_time = 102900
match_time = 102900
ord_bs = S
ord_qty = 1
cancel_qty = 0
ord_match_qty = 1
octype =  
preorder =  
err_code = 0000
------order source--------
buy_or_sell = S
code = MXFJ4
price = 9142
amount = 1
price_type = LMT
ordtype = ROD
octtype =  
==========my_ors[CLOSED] dump ======
ord_seq = covering
ord_no = c1234
add_date = 20141209
add_time = 104000
match_time = 104000
ord_bs = B
ord_qty = 1
cancel_qty = 0
ord_match_qty = 1
octype =  
preorder =  
err_code = 0000
------order source--------
buy_or_sell = B
code = MXFJ4
price = 9156
amount = 1
price_type = LMT
ordtype = ROD
octtype =  
TSM_Transaction Diff: -14.0
==========TSM_Transaction F_TSM_Transaction@c1790d dump end======
Transaction.CLOSED
==104000========TSM_Transaction F_TSM_Transaction@15f0338 price:8662 range:481 dump start======
==========my_ors[OPENED] dump ======
ord_seq = stest
ord_no = s1234
add_date = 20141209
add_time = 103000
match_time = 103000
ord_bs = S
ord_qty = 1
cancel_qty = 0
ord_match_qty = 1
octype =  
preorder =  
err_code = 0000
------order source--------
buy_or_sell = S
code = MXFJ4
price = 9143
amount = 1
price_type = LMT
ordtype = ROD
octtype =  
==========my_ors[CLOSED] dump ======
ord_seq = covering
ord_no = c1234
add_date = 20141209
add_time = 104000
match_time = 104000
ord_bs = B
ord_qty = 1
cancel_qty = 0
ord_match_qty = 1
octype =  
preorder =  
err_code = 0000
------order source--------
buy_or_sell = B
code = MXFJ4
price = 9156
amount = 1
price_type = LMT
ordtype = ROD
octtype =  
TSM_Transaction Diff: -13.0
==========TSM_Transaction F_TSM_Transaction@15f0338 dump end======
Transaction.CLOSED
==104000========TSM_Transaction F_TSM_Transaction@950f40 price:8662 range:482 dump start======
==========my_ors[OPENED] dump ======
ord_seq = stest
ord_no = s1234
add_date = 20141209
add_time = 103100
match_time = 103100
ord_bs = S
ord_qty = 1
cancel_qty = 0
ord_match_qty = 1
octype =  
preorder =  
err_code = 0000
------order source--------
buy_or_sell = S
code = MXFJ4
price = 9144
amount = 1
price_type = LMT
ordtype = ROD
octtype =  
==========my_ors[CLOSED] dump ======
ord_seq = covering
ord_no = c1234
add_date = 20141209
add_time = 104000
match_time = 104000
ord_bs = B
ord_qty = 1
cancel_qty = 0
ord_match_qty = 1
octype =  
preorder =  
err_code = 0000
------order source--------
buy_or_sell = B
code = MXFJ4
price = 9156
amount = 1
price_type = LMT
ordtype = ROD
octtype =  
TSM_Transaction Diff: -12.0
==========TSM_Transaction F_TSM_Transaction@950f40 dump end======
Transaction.CLOSED
==104000========TSM_Transaction F_TSM_Transaction@ab6085 price:8661 range:481 dump start======
==========my_ors[OPENED] dump ======
ord_seq = stest
ord_no = s1234
add_date = 20141209
add_time = 103200
match_time = 103200
ord_bs = S
ord_qty = 1
cancel_qty = 0
ord_match_qty = 1
octype =  
preorder =  
err_code = 0000
------order source--------
buy_or_sell = S
code = MXFJ4
price = 9142
amount = 1
price_type = LMT
ordtype = ROD
octtype =  
==========my_ors[CLOSED] dump ======
ord_seq = covering
ord_no = c1234
add_date = 20141209
add_time = 104000
match_time = 104000
ord_bs = B
ord_qty = 1
cancel_qty = 0
ord_match_qty = 1
octype =  
preorder =  
err_code = 0000
------order source--------
buy_or_sell = B
code = MXFJ4
price = 9156
amount = 1
price_type = LMT
ordtype = ROD
octtype =  
TSM_Transaction Diff: -14.0
==========TSM_Transaction F_TSM_Transaction@ab6085 dump end======
Transaction.CLOSED
==104000========TSM_Transaction F_TSM_Transaction@18c26ae price:8662 range:481 dump start======
==========my_ors[OPENED] dump ======
ord_seq = stest
ord_no = s1234
add_date = 20141209
add_time = 103300
match_time = 103300
ord_bs = S
ord_qty = 1
cancel_qty = 0
ord_match_qty = 1
octype =  
preorder =  
err_code = 0000
------order source--------
buy_or_sell = S
code = MXFJ4
price = 9143
amount = 1
price_type = LMT
ordtype = ROD
octtype =  
==========my_ors[CLOSED] dump ======
ord_seq = covering
ord_no = c1234
add_date = 20141209
add_time = 104000
match_time = 104000
ord_bs = B
ord_qty = 1
cancel_qty = 0
ord_match_qty = 1
octype =  
preorder =  
err_code = 0000
------order source--------
buy_or_sell = B
code = MXFJ4
price = 9156
amount = 1
price_type = LMT
ordtype = ROD
octtype =  
TSM_Transaction Diff: -13.0
==========TSM_Transaction F_TSM_Transaction@18c26ae dump end======
Transaction.CLOSED
==104000========TSM_Transaction F_TSM_Transaction@bb0f25 price:8664 range:483 dump start======
==========my_ors[OPENED] dump ======
ord_seq = stest
ord_no = s1234
add_date = 20141209
add_time = 103400
match_time = 103400
ord_bs = S
ord_qty = 1
cancel_qty = 0
ord_match_qty = 1
octype =  
preorder =  
err_code = 0000
------order source--------
buy_or_sell = S
code = MXFJ4
price = 9147
amount = 1
price_type = LMT
ordtype = ROD
octtype =  
==========my_ors[CLOSED] dump ======
ord_seq = covering
ord_no = c1234
add_date = 20141209
add_time = 104000
match_time = 104000
ord_bs = B
ord_qty = 1
cancel_qty = 0
ord_match_qty = 1
octype =  
preorder =  
err_code = 0000
------order source--------
buy_or_sell = B
code = MXFJ4
price = 9159
amount = 1
price_type = LMT
ordtype = ROD
octtype =  
TSM_Transaction Diff: -12.0
==========TSM_Transaction F_TSM_Transaction@bb0f25 dump end======
Transaction.CLOSED
==104000========TSM_Transaction F_TSM_Transaction@1c6c075 price:8664 range:483 dump start======
==========my_ors[OPENED] dump ======
ord_seq = stest
ord_no = s1234
add_date = 20141209
add_time = 103500
match_time = 103500
ord_bs = S
ord_qty = 1
cancel_qty = 0
ord_match_qty = 1
octype =  
preorder =  
err_code = 0000
------order source--------
buy_or_sell = S
code = MXFJ4
price = 9147
amount = 1
price_type = LMT
ordtype = ROD
octtype =  
==========my_ors[CLOSED] dump ======
ord_seq = covering
ord_no = c1234
add_date = 20141209
add_time = 104000
match_time = 104000
ord_bs = B
ord_qty = 1
cancel_qty = 0
ord_match_qty = 1
octype =  
preorder =  
err_code = 0000
------order source--------
buy_or_sell = B
code = MXFJ4
price = 9159
amount = 1
price_type = LMT
ordtype = ROD
octtype =  
TSM_Transaction Diff: -12.0
==========TSM_Transaction F_TSM_Transaction@1c6c075 dump end======
Transaction.CLOSED
==104000========TSM_Transaction F_TSM_Transaction@1fcf44c price:8663 range:483 dump start======
==========my_ors[OPENED] dump ======
ord_seq = stest
ord_no = s1234
add_date = 20141209
add_time = 103600
match_time = 103600
ord_bs = S
ord_qty = 1
cancel_qty = 0
ord_match_qty = 1
octype =  
preorder =  
err_code = 0000
------order source--------
buy_or_sell = S
code = MXFJ4
price = 9146
amount = 1
price_type = LMT
ordtype = ROD
octtype =  
==========my_ors[CLOSED] dump ======
ord_seq = covering
ord_no = c1234
add_date = 20141209
add_time = 104000
match_time = 104000
ord_bs = B
ord_qty = 1
cancel_qty = 0
ord_match_qty = 1
octype =  
preorder =  
err_code = 0000
------order source--------
buy_or_sell = B
code = MXFJ4
price = 9158
amount = 1
price_type = LMT
ordtype = ROD
octtype =  
TSM_Transaction Diff: -12.0
==========TSM_Transaction F_TSM_Transaction@1fcf44c dump end======
Transaction.CLOSED
==104000========TSM_Transaction F_TSM_Transaction@1cf43cb price:8663 range:482 dump start======
==========my_ors[OPENED] dump ======
ord_seq = stest
ord_no = s1234
add_date = 20141209
add_time = 103700
match_time = 103700
ord_bs = S
ord_qty = 1
cancel_qty = 0
ord_match_qty = 1
octype =  
preorder =  
err_code = 0000
------order source--------
buy_or_sell = S
code = MXFJ4
price = 9145
amount = 1
price_type = LMT
ordtype = ROD
octtype =  
==========my_ors[CLOSED] dump ======
ord_seq = covering
ord_no = c1234
add_date = 20141209
add_time = 104000
match_time = 104000
ord_bs = B
ord_qty = 1
cancel_qty = 0
ord_match_qty = 1
octype =  
preorder =  
err_code = 0000
------order source--------
buy_or_sell = B
code = MXFJ4
price = 9158
amount = 1
price_type = LMT
ordtype = ROD
octtype =  
TSM_Transaction Diff: -13.0
==========TSM_Transaction F_TSM_Transaction@1cf43cb dump end======
Transaction.CLOSED
==104000========TSM_Transaction F_TSM_Transaction@f0c417 price:8664 range:483 dump start======
==========my_ors[OPENED] dump ======
ord_seq = stest
ord_no = s1234
add_date = 20141209
add_time = 103800
match_time = 103800
ord_bs = S
ord_qty = 1
cancel_qty = 0
ord_match_qty = 1
octype =  
preorder =  
err_code = 0000
------order source--------
buy_or_sell = S
code = MXFJ4
price = 9147
amount = 1
price_type = LMT
ordtype = ROD
octtype =  
==========my_ors[CLOSED] dump ======
ord_seq = covering
ord_no = c1234
add_date = 20141209
add_time = 104000
match_time = 104000
ord_bs = B
ord_qty = 1
cancel_qty = 0
ord_match_qty = 1
octype =  
preorder =  
err_code = 0000
------order source--------
buy_or_sell = B
code = MXFJ4
price = 9159
amount = 1
price_type = LMT
ordtype = ROD
octtype =  
TSM_Transaction Diff: -12.0
==========TSM_Transaction F_TSM_Transaction@f0c417 dump end======
Transaction.CLOSED
==120500========TSM_Transaction F_TSM_Transaction@65b29b price:8667 range:487 dump start======
==========my_ors[OPENED] dump ======
ord_seq = stest
ord_no = s1234
add_date = 20141209
add_time = 103900
match_time = 103900
ord_bs = S
ord_qty = 1
cancel_qty = 0
ord_match_qty = 1
octype =  
preorder =  
err_code = 0000
------order source--------
buy_or_sell = S
code = MXFJ4
price = 9154
amount = 1
price_type = LMT
ordtype = ROD
octtype =  
==========my_ors[CLOSED] dump ======
ord_seq = covering
ord_no = c1234
add_date = 20141209
add_time = 104000
match_time = 120500
ord_bs = B
ord_qty = 1
cancel_qty = 0
ord_match_qty = 1
octype =  
preorder =  
err_code = 0000
------order source--------
buy_or_sell = B
code = MXFJ4
price = 9134
amount = 1
price_type = LMT
ordtype = ROD
octtype =  
TSM_Transaction Diff: 20.0
==========TSM_Transaction F_TSM_Transaction@65b29b dump end======
Transaction.CLOSED
==120300========TSM_Transaction F_TSM_Transaction@179e555 price:8669 range:488 dump start======
==========my_ors[OPENED] dump ======
ord_seq = stest
ord_no = s1234
add_date = 20141209
add_time = 104000
match_time = 104000
ord_bs = S
ord_qty = 1
cancel_qty = 0
ord_match_qty = 1
octype =  
preorder =  
err_code = 0000
------order source--------
buy_or_sell = S
code = MXFJ4
price = 9157
amount = 1
price_type = LMT
ordtype = ROD
octtype =  
==========my_ors[CLOSED] dump ======
ord_seq = covering
ord_no = c1234
add_date = 20141209
add_time = 104100
match_time = 120300
ord_bs = B
ord_qty = 1
cancel_qty = 0
ord_match_qty = 1
octype =  
preorder =  
err_code = 0000
------order source--------
buy_or_sell = B
code = MXFJ4
price = 9137
amount = 1
price_type = LMT
ordtype = ROD
octtype =  
TSM_Transaction Diff: 20.0
==========TSM_Transaction F_TSM_Transaction@179e555 dump end======
Transaction.CLOSED
==110800========TSM_Transaction F_TSM_Transaction@9ecf41 price:8669 range:489 dump start======
==========my_ors[OPENED] dump ======
ord_seq = stest
ord_no = s1234
add_date = 20141209
add_time = 104100
match_time = 104100
ord_bs = S
ord_qty = 1
cancel_qty = 0
ord_match_qty = 1
octype =  
preorder =  
err_code = 0000
------order source--------
buy_or_sell = S
code = MXFJ4
price = 9158
amount = 1
price_type = LMT
ordtype = ROD
octtype =  
==========my_ors[CLOSED] dump ======
ord_seq = covering
ord_no = c1234
add_date = 20141209
add_time = 104200
match_time = 110800
ord_bs = B
ord_qty = 1
cancel_qty = 0
ord_match_qty = 1
octype =  
preorder =  
err_code = 0000
------order source--------
buy_or_sell = B
code = MXFJ4
price = 9138
amount = 1
price_type = LMT
ordtype = ROD
octtype =  
TSM_Transaction Diff: 20.0
==========TSM_Transaction F_TSM_Transaction@9ecf41 dump end======
Transaction.CLOSED
==120400========TSM_Transaction F_TSM_Transaction@421ed4 price:8668 range:487 dump start======
==========my_ors[OPENED] dump ======
ord_seq = stest
ord_no = s1234
add_date = 20141209
add_time = 104200
match_time = 104200
ord_bs = S
ord_qty = 1
cancel_qty = 0
ord_match_qty = 1
octype =  
preorder =  
err_code = 0000
------order source--------
buy_or_sell = S
code = MXFJ4
price = 9155
amount = 1
price_type = LMT
ordtype = ROD
octtype =  
==========my_ors[CLOSED] dump ======
ord_seq = covering
ord_no = c1234
add_date = 20141209
add_time = 104300
match_time = 120400
ord_bs = B
ord_qty = 1
cancel_qty = 0
ord_match_qty = 1
octype =  
preorder =  
err_code = 0000
------order source--------
buy_or_sell = B
code = MXFJ4
price = 9135
amount = 1
price_type = LMT
ordtype = ROD
octtype =  
TSM_Transaction Diff: 20.0
==========TSM_Transaction F_TSM_Transaction@421ed4 dump end======
Transaction.CLOSED
==120300========TSM_Transaction F_TSM_Transaction@175c5b5 price:8668 range:488 dump start======
==========my_ors[OPENED] dump ======
ord_seq = stest
ord_no = s1234
add_date = 20141209
add_time = 104300
match_time = 104300
ord_bs = S
ord_qty = 1
cancel_qty = 0
ord_match_qty = 1
octype =  
preorder =  
err_code = 0000
------order source--------
buy_or_sell = S
code = MXFJ4
price = 9156
amount = 1
price_type = LMT
ordtype = ROD
octtype =  
==========my_ors[CLOSED] dump ======
ord_seq = covering
ord_no = c1234
add_date = 20141209
add_time = 104400
match_time = 120300
ord_bs = B
ord_qty = 1
cancel_qty = 0
ord_match_qty = 1
octype =  
preorder =  
err_code = 0000
------order source--------
buy_or_sell = B
code = MXFJ4
price = 9136
amount = 1
price_type = LMT
ordtype = ROD
octtype =  
TSM_Transaction Diff: 20.0
==========TSM_Transaction F_TSM_Transaction@175c5b5 dump end======
Transaction.CLOSED
==120300========TSM_Transaction F_TSM_Transaction@12d7887 price:8669 range:488 dump start======
==========my_ors[OPENED] dump ======
ord_seq = stest
ord_no = s1234
add_date = 20141209
add_time = 104400
match_time = 104400
ord_bs = S
ord_qty = 1
cancel_qty = 0
ord_match_qty = 1
octype =  
preorder =  
err_code = 0000
------order source--------
buy_or_sell = S
code = MXFJ4
price = 9157
amount = 1
price_type = LMT
ordtype = ROD
octtype =  
==========my_ors[CLOSED] dump ======
ord_seq = covering
ord_no = c1234
add_date = 20141209
add_time = 104500
match_time = 120300
ord_bs = B
ord_qty = 1
cancel_qty = 0
ord_match_qty = 1
octype =  
preorder =  
err_code = 0000
------order source--------
buy_or_sell = B
code = MXFJ4
price = 9137
amount = 1
price_type = LMT
ordtype = ROD
octtype =  
TSM_Transaction Diff: 20.0
==========TSM_Transaction F_TSM_Transaction@12d7887 dump end======
Transaction.CLOSED
==110800========TSM_Transaction F_TSM_Transaction@1531020 price:8669 range:489 dump start======
==========my_ors[OPENED] dump ======
ord_seq = stest
ord_no = s1234
add_date = 20141209
add_time = 104500
match_time = 104500
ord_bs = S
ord_qty = 1
cancel_qty = 0
ord_match_qty = 1
octype =  
preorder =  
err_code = 0000
------order source--------
buy_or_sell = S
code = MXFJ4
price = 9158
amount = 1
price_type = LMT
ordtype = ROD
octtype =  
==========my_ors[CLOSED] dump ======
ord_seq = covering
ord_no = c1234
add_date = 20141209
add_time = 104600
match_time = 110800
ord_bs = B
ord_qty = 1
cancel_qty = 0
ord_match_qty = 1
octype =  
preorder =  
err_code = 0000
------order source--------
buy_or_sell = B
code = MXFJ4
price = 9138
amount = 1
price_type = LMT
ordtype = ROD
octtype =  
TSM_Transaction Diff: 20.0
==========TSM_Transaction F_TSM_Transaction@1531020 dump end======
Transaction.CLOSED
==120300========TSM_Transaction F_TSM_Transaction@130a57d price:8668 range:488 dump start======
==========my_ors[OPENED] dump ======
ord_seq = stest
ord_no = s1234
add_date = 20141209
add_time = 104600
match_time = 104600
ord_bs = S
ord_qty = 1
cancel_qty = 0
ord_match_qty = 1
octype =  
preorder =  
err_code = 0000
------order source--------
buy_or_sell = S
code = MXFJ4
price = 9156
amount = 1
price_type = LMT
ordtype = ROD
octtype =  
==========my_ors[CLOSED] dump ======
ord_seq = covering
ord_no = c1234
add_date = 20141209
add_time = 104700
match_time = 120300
ord_bs = B
ord_qty = 1
cancel_qty = 0
ord_match_qty = 1
octype =  
preorder =  
err_code = 0000
------order source--------
buy_or_sell = B
code = MXFJ4
price = 9136
amount = 1
price_type = LMT
ordtype = ROD
octtype =  
TSM_Transaction Diff: 20.0
==========TSM_Transaction F_TSM_Transaction@130a57d dump end======
Transaction.CLOSED
==122900========TSM_Transaction F_TSM_Transaction@b5c80a price:8667 range:486 dump start======
==========my_ors[OPENED] dump ======
ord_seq = stest
ord_no = s1234
add_date = 20141209
add_time = 104700
match_time = 104700
ord_bs = S
ord_qty = 1
cancel_qty = 0
ord_match_qty = 1
octype =  
preorder =  
err_code = 0000
------order source--------
buy_or_sell = S
code = MXFJ4
price = 9153
amount = 1
price_type = LMT
ordtype = ROD
octtype =  
==========my_ors[CLOSED] dump ======
ord_seq = covering
ord_no = c1234
add_date = 20141209
add_time = 104800
match_time = 122900
ord_bs = B
ord_qty = 1
cancel_qty = 0
ord_match_qty = 1
octype =  
preorder =  
err_code = 0000
------order source--------
buy_or_sell = B
code = MXFJ4
price = 9133
amount = 1
price_type = LMT
ordtype = ROD
octtype =  
TSM_Transaction Diff: 20.0
==========TSM_Transaction F_TSM_Transaction@b5c80a dump end======
Transaction.CLOSED
==123100========TSM_Transaction F_TSM_Transaction@bd9a10 price:8666 range:485 dump start======
==========my_ors[OPENED] dump ======
ord_seq = stest
ord_no = s1234
add_date = 20141209
add_time = 104800
match_time = 104800
ord_bs = S
ord_qty = 1
cancel_qty = 0
ord_match_qty = 1
octype =  
preorder =  
err_code = 0000
------order source--------
buy_or_sell = S
code = MXFJ4
price = 9151
amount = 1
price_type = LMT
ordtype = ROD
octtype =  
==========my_ors[CLOSED] dump ======
ord_seq = covering
ord_no = c1234
add_date = 20141209
add_time = 104900
match_time = 123100
ord_bs = B
ord_qty = 1
cancel_qty = 0
ord_match_qty = 1
octype =  
preorder =  
err_code = 0000
------order source--------
buy_or_sell = B
code = MXFJ4
price = 9131
amount = 1
price_type = LMT
ordtype = ROD
octtype =  
TSM_Transaction Diff: 20.0
==========TSM_Transaction F_TSM_Transaction@bd9a10 dump end======
Transaction.CLOSED
==123100========TSM_Transaction F_TSM_Transaction@957467 price:8666 range:485 dump start======
==========my_ors[OPENED] dump ======
ord_seq = stest
ord_no = s1234
add_date = 20141209
add_time = 104900
match_time = 104900
ord_bs = S
ord_qty = 1
cancel_qty = 0
ord_match_qty = 1
octype =  
preorder =  
err_code = 0000
------order source--------
buy_or_sell = S
code = MXFJ4
price = 9151
amount = 1
price_type = LMT
ordtype = ROD
octtype =  
==========my_ors[CLOSED] dump ======
ord_seq = covering
ord_no = c1234
add_date = 20141209
add_time = 105000
match_time = 123100
ord_bs = B
ord_qty = 1
cancel_qty = 0
ord_match_qty = 1
octype =  
preorder =  
err_code = 0000
------order source--------
buy_or_sell = B
code = MXFJ4
price = 9131
amount = 1
price_type = LMT
ordtype = ROD
octtype =  
TSM_Transaction Diff: 20.0
==========TSM_Transaction F_TSM_Transaction@957467 dump end======
Transaction.CLOSED
==123000========TSM_Transaction F_TSM_Transaction@b1f07b price:8666 range:486 dump start======
==========my_ors[OPENED] dump ======
ord_seq = stest
ord_no = s1234
add_date = 20141209
add_time = 105000
match_time = 105000
ord_bs = S
ord_qty = 1
cancel_qty = 0
ord_match_qty = 1
octype =  
preorder =  
err_code = 0000
------order source--------
buy_or_sell = S
code = MXFJ4
price = 9152
amount = 1
price_type = LMT
ordtype = ROD
octtype =  
==========my_ors[CLOSED] dump ======
ord_seq = covering
ord_no = c1234
add_date = 20141209
add_time = 105100
match_time = 123000
ord_bs = B
ord_qty = 1
cancel_qty = 0
ord_match_qty = 1
octype =  
preorder =  
err_code = 0000
------order source--------
buy_or_sell = B
code = MXFJ4
price = 9132
amount = 1
price_type = LMT
ordtype = ROD
octtype =  
TSM_Transaction Diff: 20.0
==========TSM_Transaction F_TSM_Transaction@b1f07b dump end======
Transaction.CLOSED
==122900========TSM_Transaction F_TSM_Transaction@984cb6 price:8667 range:486 dump start======
==========my_ors[OPENED] dump ======
ord_seq = stest
ord_no = s1234
add_date = 20141209
add_time = 105100
match_time = 105100
ord_bs = S
ord_qty = 1
cancel_qty = 0
ord_match_qty = 1
octype =  
preorder =  
err_code = 0000
------order source--------
buy_or_sell = S
code = MXFJ4
price = 9153
amount = 1
price_type = LMT
ordtype = ROD
octtype =  
==========my_ors[CLOSED] dump ======
ord_seq = covering
ord_no = c1234
add_date = 20141209
add_time = 105200
match_time = 122900
ord_bs = B
ord_qty = 1
cancel_qty = 0
ord_match_qty = 1
octype =  
preorder =  
err_code = 0000
------order source--------
buy_or_sell = B
code = MXFJ4
price = 9133
amount = 1
price_type = LMT
ordtype = ROD
octtype =  
TSM_Transaction Diff: 20.0
==========TSM_Transaction F_TSM_Transaction@984cb6 dump end======
Transaction.CLOSED
==123000========TSM_Transaction F_TSM_Transaction@b05fc3 price:8666 range:486 dump start======
==========my_ors[OPENED] dump ======
ord_seq = stest
ord_no = s1234
add_date = 20141209
add_time = 105200
match_time = 105200
ord_bs = S
ord_qty = 1
cancel_qty = 0
ord_match_qty = 1
octype =  
preorder =  
err_code = 0000
------order source--------
buy_or_sell = S
code = MXFJ4
price = 9152
amount = 1
price_type = LMT
ordtype = ROD
octtype =  
==========my_ors[CLOSED] dump ======
ord_seq = covering
ord_no = c1234
add_date = 20141209
add_time = 105300
match_time = 123000
ord_bs = B
ord_qty = 1
cancel_qty = 0
ord_match_qty = 1
octype =  
preorder =  
err_code = 0000
------order source--------
buy_or_sell = B
code = MXFJ4
price = 9132
amount = 1
price_type = LMT
ordtype = ROD
octtype =  
TSM_Transaction Diff: 20.0
==========TSM_Transaction F_TSM_Transaction@b05fc3 dump end======
