Transaction.CLOSED
==93300========TSM_Transaction F_TSM_Transaction@1e13dbe price:8648 range:468 dump start======
==========my_ors[OPENED] dump ======
ord_seq = stest
ord_no = s1234
add_date = 20141126
add_time = 93100
match_time = 93100
ord_bs = S
ord_qty = 1
cancel_qty = 0
ord_match_qty = 1
octype =  
preorder =  
err_code = 0000
------order source--------
buy_or_sell = S
code = MXFJ4
price = 9116
amount = 1
price_type = LMT
ordtype = ROD
octtype =  
==========my_ors[CLOSED] dump ======
ord_seq = covering
ord_no = c1234
add_date = 20141126
add_time = 93300
match_time = 93300
ord_bs = B
ord_qty = 1
cancel_qty = 0
ord_match_qty = 1
octype =  
preorder =  
err_code = 0000
------order source--------
buy_or_sell = B
code = MXFJ4
price = 9130
amount = 1
price_type = LMT
ordtype = ROD
octtype =  
TSM_Transaction Diff: -14.0
==========TSM_Transaction F_TSM_Transaction@1e13dbe dump end======
Transaction.CLOSED
==93300========TSM_Transaction F_TSM_Transaction@7ed6f6 price:8651 range:470 dump start======
==========my_ors[OPENED] dump ======
ord_seq = stest
ord_no = s1234
add_date = 20141126
add_time = 93200
match_time = 93200
ord_bs = S
ord_qty = 1
cancel_qty = 0
ord_match_qty = 1
octype =  
preorder =  
err_code = 0000
------order source--------
buy_or_sell = S
code = MXFJ4
price = 9121
amount = 1
price_type = LMT
ordtype = ROD
octtype =  
==========my_ors[CLOSED] dump ======
ord_seq = covering
ord_no = c1234
add_date = 20141126
add_time = 93300
match_time = 93300
ord_bs = B
ord_qty = 1
cancel_qty = 0
ord_match_qty = 1
octype =  
preorder =  
err_code = 0000
------order source--------
buy_or_sell = B
code = MXFJ4
price = 9133
amount = 1
price_type = LMT
ordtype = ROD
octtype =  
TSM_Transaction Diff: -12.0
==========TSM_Transaction F_TSM_Transaction@7ed6f6 dump end======
Transaction.CLOSED
==94200========TSM_Transaction F_TSM_Transaction@1b79ae7 price:8653 range:472 dump start======
==========my_ors[OPENED] dump ======
ord_seq = stest
ord_no = s1234
add_date = 20141126
add_time = 93300
match_time = 93300
ord_bs = S
ord_qty = 1
cancel_qty = 0
ord_match_qty = 1
octype =  
preorder =  
err_code = 0000
------order source--------
buy_or_sell = S
code = MXFJ4
price = 9125
amount = 1
price_type = LMT
ordtype = ROD
octtype =  
==========my_ors[CLOSED] dump ======
ord_seq = covering
ord_no = c1234
add_date = 20141126
add_time = 94200
match_time = 94200
ord_bs = B
ord_qty = 1
cancel_qty = 0
ord_match_qty = 1
octype =  
preorder =  
err_code = 0000
------order source--------
buy_or_sell = B
code = MXFJ4
price = 9137
amount = 1
price_type = LMT
ordtype = ROD
octtype =  
TSM_Transaction Diff: -12.0
==========TSM_Transaction F_TSM_Transaction@1b79ae7 dump end======
Transaction.CLOSED
==94400========TSM_Transaction F_TSM_Transaction@12871ef price:8654 range:473 dump start======
==========my_ors[OPENED] dump ======
ord_seq = stest
ord_no = s1234
add_date = 20141126
add_time = 93400
match_time = 93400
ord_bs = S
ord_qty = 1
cancel_qty = 0
ord_match_qty = 1
octype =  
preorder =  
err_code = 0000
------order source--------
buy_or_sell = S
code = MXFJ4
price = 9127
amount = 1
price_type = LMT
ordtype = ROD
octtype =  
==========my_ors[CLOSED] dump ======
ord_seq = covering
ord_no = c1234
add_date = 20141126
add_time = 94400
match_time = 94400
ord_bs = B
ord_qty = 1
cancel_qty = 0
ord_match_qty = 1
octype =  
preorder =  
err_code = 0000
------order source--------
buy_or_sell = B
code = MXFJ4
price = 9139
amount = 1
price_type = LMT
ordtype = ROD
octtype =  
TSM_Transaction Diff: -12.0
==========TSM_Transaction F_TSM_Transaction@12871ef dump end======
Transaction.CLOSED
==94500========TSM_Transaction F_TSM_Transaction@4a0284 price:8655 range:475 dump start======
==========my_ors[OPENED] dump ======
ord_seq = stest
ord_no = s1234
add_date = 20141126
add_time = 93500
match_time = 93500
ord_bs = S
ord_qty = 1
cancel_qty = 0
ord_match_qty = 1
octype =  
preorder =  
err_code = 0000
------order source--------
buy_or_sell = S
code = MXFJ4
price = 9130
amount = 1
price_type = LMT
ordtype = ROD
octtype =  
==========my_ors[CLOSED] dump ======
ord_seq = covering
ord_no = c1234
add_date = 20141126
add_time = 94500
match_time = 94500
ord_bs = B
ord_qty = 1
cancel_qty = 0
ord_match_qty = 1
octype =  
preorder =  
err_code = 0000
------order source--------
buy_or_sell = B
code = MXFJ4
price = 9143
amount = 1
price_type = LMT
ordtype = ROD
octtype =  
TSM_Transaction Diff: -13.0
==========TSM_Transaction F_TSM_Transaction@4a0284 dump end======
Transaction.CLOSED
==104800========TSM_Transaction F_TSM_Transaction@a0d8c1 price:8657 range:476 dump start======
==========my_ors[OPENED] dump ======
ord_seq = stest
ord_no = s1234
add_date = 20141126
add_time = 93600
match_time = 93600
ord_bs = S
ord_qty = 1
cancel_qty = 0
ord_match_qty = 1
octype =  
preorder =  
err_code = 0000
------order source--------
buy_or_sell = S
code = MXFJ4
price = 9133
amount = 1
price_type = LMT
ordtype = ROD
octtype =  
==========my_ors[CLOSED] dump ======
ord_seq = covering
ord_no = c1234
add_date = 20141126
add_time = 93700
match_time = 104800
ord_bs = B
ord_qty = 1
cancel_qty = 0
ord_match_qty = 1
octype =  
preorder =  
err_code = 0000
------order source--------
buy_or_sell = B
code = MXFJ4
price = 9113
amount = 1
price_type = LMT
ordtype = ROD
octtype =  
TSM_Transaction Diff: 20.0
==========TSM_Transaction F_TSM_Transaction@a0d8c1 dump end======
Transaction.CLOSED
==94500========TSM_Transaction F_TSM_Transaction@46dd95 price:8656 range:475 dump start======
==========my_ors[OPENED] dump ======
ord_seq = stest
ord_no = s1234
add_date = 20141126
add_time = 93700
match_time = 93700
ord_bs = S
ord_qty = 1
cancel_qty = 0
ord_match_qty = 1
octype =  
preorder =  
err_code = 0000
------order source--------
buy_or_sell = S
code = MXFJ4
price = 9131
amount = 1
price_type = LMT
ordtype = ROD
octtype =  
==========my_ors[CLOSED] dump ======
ord_seq = covering
ord_no = c1234
add_date = 20141126
add_time = 94500
match_time = 94500
ord_bs = B
ord_qty = 1
cancel_qty = 0
ord_match_qty = 1
octype =  
preorder =  
err_code = 0000
------order source--------
buy_or_sell = B
code = MXFJ4
price = 9143
amount = 1
price_type = LMT
ordtype = ROD
octtype =  
TSM_Transaction Diff: -12.0
==========TSM_Transaction F_TSM_Transaction@46dd95 dump end======
Transaction.CLOSED
==94400========TSM_Transaction F_TSM_Transaction@78ee73 price:8654 range:473 dump start======
==========my_ors[OPENED] dump ======
ord_seq = stest
ord_no = s1234
add_date = 20141126
add_time = 93800
match_time = 93800
ord_bs = S
ord_qty = 1
cancel_qty = 0
ord_match_qty = 1
octype =  
preorder =  
err_code = 0000
------order source--------
buy_or_sell = S
code = MXFJ4
price = 9127
amount = 1
price_type = LMT
ordtype = ROD
octtype =  
==========my_ors[CLOSED] dump ======
ord_seq = covering
ord_no = c1234
add_date = 20141126
add_time = 94400
match_time = 94400
ord_bs = B
ord_qty = 1
cancel_qty = 0
ord_match_qty = 1
octype =  
preorder =  
err_code = 0000
------order source--------
buy_or_sell = B
code = MXFJ4
price = 9139
amount = 1
price_type = LMT
ordtype = ROD
octtype =  
TSM_Transaction Diff: -12.0
==========TSM_Transaction F_TSM_Transaction@78ee73 dump end======
Transaction.CLOSED
==94400========TSM_Transaction F_TSM_Transaction@61ae9c price:8654 range:473 dump start======
==========my_ors[OPENED] dump ======
ord_seq = stest
ord_no = s1234
add_date = 20141126
add_time = 93900
match_time = 93900
ord_bs = S
ord_qty = 1
cancel_qty = 0
ord_match_qty = 1
octype =  
preorder =  
err_code = 0000
------order source--------
buy_or_sell = S
code = MXFJ4
price = 9127
amount = 1
price_type = LMT
ordtype = ROD
octtype =  
==========my_ors[CLOSED] dump ======
ord_seq = covering
ord_no = c1234
add_date = 20141126
add_time = 94400
match_time = 94400
ord_bs = B
ord_qty = 1
cancel_qty = 0
ord_match_qty = 1
octype =  
preorder =  
err_code = 0000
------order source--------
buy_or_sell = B
code = MXFJ4
price = 9139
amount = 1
price_type = LMT
ordtype = ROD
octtype =  
TSM_Transaction Diff: -12.0
==========TSM_Transaction F_TSM_Transaction@61ae9c dump end======
Transaction.CLOSED
==94500========TSM_Transaction F_TSM_Transaction@187838f price:8654 range:474 dump start======
==========my_ors[OPENED] dump ======
ord_seq = stest
ord_no = s1234
add_date = 20141126
add_time = 94000
match_time = 94000
ord_bs = S
ord_qty = 1
cancel_qty = 0
ord_match_qty = 1
octype =  
preorder =  
err_code = 0000
------order source--------
buy_or_sell = S
code = MXFJ4
price = 9128
amount = 1
price_type = LMT
ordtype = ROD
octtype =  
==========my_ors[CLOSED] dump ======
ord_seq = covering
ord_no = c1234
add_date = 20141126
add_time = 94500
match_time = 94500
ord_bs = B
ord_qty = 1
cancel_qty = 0
ord_match_qty = 1
octype =  
preorder =  
err_code = 0000
------order source--------
buy_or_sell = B
code = MXFJ4
price = 9143
amount = 1
price_type = LMT
ordtype = ROD
octtype =  
TSM_Transaction Diff: -15.0
==========TSM_Transaction F_TSM_Transaction@187838f dump end======
Transaction.CLOSED
==104700========TSM_Transaction F_TSM_Transaction@1b27138 price:8658 range:477 dump start======
==========my_ors[OPENED] dump ======
ord_seq = stest
ord_no = s1234
add_date = 20141126
add_time = 94100
match_time = 94100
ord_bs = S
ord_qty = 1
cancel_qty = 0
ord_match_qty = 1
octype =  
preorder =  
err_code = 0000
------order source--------
buy_or_sell = S
code = MXFJ4
price = 9135
amount = 1
price_type = LMT
ordtype = ROD
octtype =  
==========my_ors[CLOSED] dump ======
ord_seq = covering
ord_no = c1234
add_date = 20141126
add_time = 94200
match_time = 104700
ord_bs = B
ord_qty = 1
cancel_qty = 0
ord_match_qty = 1
octype =  
preorder =  
err_code = 0000
------order source--------
buy_or_sell = B
code = MXFJ4
price = 9115
amount = 1
price_type = LMT
ordtype = ROD
octtype =  
TSM_Transaction Diff: 20.0
==========TSM_Transaction F_TSM_Transaction@1b27138 dump end======
Transaction.CLOSED
==104700========TSM_Transaction F_TSM_Transaction@10a437b price:8658 range:477 dump start======
==========my_ors[OPENED] dump ======
ord_seq = stest
ord_no = s1234
add_date = 20141126
add_time = 94200
match_time = 94200
ord_bs = S
ord_qty = 1
cancel_qty = 0
ord_match_qty = 1
octype =  
preorder =  
err_code = 0000
------order source--------
buy_or_sell = S
code = MXFJ4
price = 9135
amount = 1
price_type = LMT
ordtype = ROD
octtype =  
==========my_ors[CLOSED] dump ======
ord_seq = covering
ord_no = c1234
add_date = 20141126
add_time = 94300
match_time = 104700
ord_bs = B
ord_qty = 1
cancel_qty = 0
ord_match_qty = 1
octype =  
preorder =  
err_code = 0000
------order source--------
buy_or_sell = B
code = MXFJ4
price = 9115
amount = 1
price_type = LMT
ordtype = ROD
octtype =  
TSM_Transaction Diff: 20.0
==========TSM_Transaction F_TSM_Transaction@10a437b dump end======
Transaction.CLOSED
==104700========TSM_Transaction F_TSM_Transaction@302662 price:8658 range:477 dump start======
==========my_ors[OPENED] dump ======
ord_seq = stest
ord_no = s1234
add_date = 20141126
add_time = 94300
match_time = 94300
ord_bs = S
ord_qty = 1
cancel_qty = 0
ord_match_qty = 1
octype =  
preorder =  
err_code = 0000
------order source--------
buy_or_sell = S
code = MXFJ4
price = 9135
amount = 1
price_type = LMT
ordtype = ROD
octtype =  
==========my_ors[CLOSED] dump ======
ord_seq = covering
ord_no = c1234
add_date = 20141126
add_time = 94400
match_time = 104700
ord_bs = B
ord_qty = 1
cancel_qty = 0
ord_match_qty = 1
octype =  
preorder =  
err_code = 0000
------order source--------
buy_or_sell = B
code = MXFJ4
price = 9115
amount = 1
price_type = LMT
ordtype = ROD
octtype =  
TSM_Transaction Diff: 20.0
==========TSM_Transaction F_TSM_Transaction@302662 dump end======
Transaction.CLOSED
==104500========TSM_Transaction F_TSM_Transaction@71779e price:8661 range:480 dump start======
==========my_ors[OPENED] dump ======
ord_seq = stest
ord_no = s1234
add_date = 20141126
add_time = 94400
match_time = 94400
ord_bs = S
ord_qty = 1
cancel_qty = 0
ord_match_qty = 1
octype =  
preorder =  
err_code = 0000
------order source--------
buy_or_sell = S
code = MXFJ4
price = 9141
amount = 1
price_type = LMT
ordtype = ROD
octtype =  
==========my_ors[CLOSED] dump ======
ord_seq = covering
ord_no = c1234
add_date = 20141126
add_time = 94500
match_time = 104500
ord_bs = B
ord_qty = 1
cancel_qty = 0
ord_match_qty = 1
octype =  
preorder =  
err_code = 0000
------order source--------
buy_or_sell = B
code = MXFJ4
price = 9121
amount = 1
price_type = LMT
ordtype = ROD
octtype =  
TSM_Transaction Diff: 20.0
==========TSM_Transaction F_TSM_Transaction@71779e dump end======
Transaction.CLOSED
==104800========TSM_Transaction F_TSM_Transaction@fec5df price:8657 range:476 dump start======
==========my_ors[OPENED] dump ======
ord_seq = stest
ord_no = s1234
add_date = 20141126
add_time = 94500
match_time = 94500
ord_bs = S
ord_qty = 1
cancel_qty = 0
ord_match_qty = 1
octype =  
preorder =  
err_code = 0000
------order source--------
buy_or_sell = S
code = MXFJ4
price = 9133
amount = 1
price_type = LMT
ordtype = ROD
octtype =  
==========my_ors[CLOSED] dump ======
ord_seq = covering
ord_no = c1234
add_date = 20141126
add_time = 94600
match_time = 104800
ord_bs = B
ord_qty = 1
cancel_qty = 0
ord_match_qty = 1
octype =  
preorder =  
err_code = 0000
------order source--------
buy_or_sell = B
code = MXFJ4
price = 9113
amount = 1
price_type = LMT
ordtype = ROD
octtype =  
TSM_Transaction Diff: 20.0
==========TSM_Transaction F_TSM_Transaction@fec5df dump end======
Transaction.CLOSED
==104900========TSM_Transaction F_TSM_Transaction@bf4c37 price:8655 range:475 dump start======
==========my_ors[OPENED] dump ======
ord_seq = stest
ord_no = s1234
add_date = 20141126
add_time = 94600
match_time = 94600
ord_bs = S
ord_qty = 1
cancel_qty = 0
ord_match_qty = 1
octype =  
preorder =  
err_code = 0000
------order source--------
buy_or_sell = S
code = MXFJ4
price = 9130
amount = 1
price_type = LMT
ordtype = ROD
octtype =  
==========my_ors[CLOSED] dump ======
ord_seq = covering
ord_no = c1234
add_date = 20141126
add_time = 94700
match_time = 104900
ord_bs = B
ord_qty = 1
cancel_qty = 0
ord_match_qty = 1
octype =  
preorder =  
err_code = 0000
------order source--------
buy_or_sell = B
code = MXFJ4
price = 9110
amount = 1
price_type = LMT
ordtype = ROD
octtype =  
TSM_Transaction Diff: 20.0
==========TSM_Transaction F_TSM_Transaction@bf4c37 dump end======
Transaction.CLOSED
==105300========TSM_Transaction F_TSM_Transaction@8f8f80 price:8654 range:474 dump start======
==========my_ors[OPENED] dump ======
ord_seq = stest
ord_no = s1234
add_date = 20141126
add_time = 94700
match_time = 94700
ord_bs = S
ord_qty = 1
cancel_qty = 0
ord_match_qty = 1
octype =  
preorder =  
err_code = 0000
------order source--------
buy_or_sell = S
code = MXFJ4
price = 9128
amount = 1
price_type = LMT
ordtype = ROD
octtype =  
==========my_ors[CLOSED] dump ======
ord_seq = covering
ord_no = c1234
add_date = 20141126
add_time = 94800
match_time = 105300
ord_bs = B
ord_qty = 1
cancel_qty = 0
ord_match_qty = 1
octype =  
preorder =  
err_code = 0000
------order source--------
buy_or_sell = B
code = MXFJ4
price = 9108
amount = 1
price_type = LMT
ordtype = ROD
octtype =  
TSM_Transaction Diff: 20.0
==========TSM_Transaction F_TSM_Transaction@8f8f80 dump end======
Transaction.CLOSED
==105300========TSM_Transaction F_TSM_Transaction@3a08ea price:8655 range:474 dump start======
==========my_ors[OPENED] dump ======
ord_seq = stest
ord_no = s1234
add_date = 20141126
add_time = 94800
match_time = 94800
ord_bs = S
ord_qty = 1
cancel_qty = 0
ord_match_qty = 1
octype =  
preorder =  
err_code = 0000
------order source--------
buy_or_sell = S
code = MXFJ4
price = 9129
amount = 1
price_type = LMT
ordtype = ROD
octtype =  
==========my_ors[CLOSED] dump ======
ord_seq = covering
ord_no = c1234
add_date = 20141126
add_time = 94900
match_time = 105300
ord_bs = B
ord_qty = 1
cancel_qty = 0
ord_match_qty = 1
octype =  
preorder =  
err_code = 0000
------order source--------
buy_or_sell = B
code = MXFJ4
price = 9109
amount = 1
price_type = LMT
ordtype = ROD
octtype =  
TSM_Transaction Diff: 20.0
==========TSM_Transaction F_TSM_Transaction@3a08ea dump end======
Transaction.CLOSED
==104900========TSM_Transaction F_TSM_Transaction@fea9ab price:8655 range:475 dump start======
==========my_ors[OPENED] dump ======
ord_seq = stest
ord_no = s1234
add_date = 20141126
add_time = 94900
match_time = 94900
ord_bs = S
ord_qty = 1
cancel_qty = 0
ord_match_qty = 1
octype =  
preorder =  
err_code = 0000
------order source--------
buy_or_sell = S
code = MXFJ4
price = 9130
amount = 1
price_type = LMT
ordtype = ROD
octtype =  
==========my_ors[CLOSED] dump ======
ord_seq = covering
ord_no = c1234
add_date = 20141126
add_time = 95000
match_time = 104900
ord_bs = B
ord_qty = 1
cancel_qty = 0
ord_match_qty = 1
octype =  
preorder =  
err_code = 0000
------order source--------
buy_or_sell = B
code = MXFJ4
price = 9110
amount = 1
price_type = LMT
ordtype = ROD
octtype =  
TSM_Transaction Diff: 20.0
==========TSM_Transaction F_TSM_Transaction@fea9ab dump end======
Transaction.CLOSED
==104900========TSM_Transaction F_TSM_Transaction@f89046 price:8656 range:475 dump start======
==========my_ors[OPENED] dump ======
ord_seq = stest
ord_no = s1234
add_date = 20141126
add_time = 95000
match_time = 95000
ord_bs = S
ord_qty = 1
cancel_qty = 0
ord_match_qty = 1
octype =  
preorder =  
err_code = 0000
------order source--------
buy_or_sell = S
code = MXFJ4
price = 9131
amount = 1
price_type = LMT
ordtype = ROD
octtype =  
==========my_ors[CLOSED] dump ======
ord_seq = covering
ord_no = c1234
add_date = 20141126
add_time = 95100
match_time = 104900
ord_bs = B
ord_qty = 1
cancel_qty = 0
ord_match_qty = 1
octype =  
preorder =  
err_code = 0000
------order source--------
buy_or_sell = B
code = MXFJ4
price = 9111
amount = 1
price_type = LMT
ordtype = ROD
octtype =  
TSM_Transaction Diff: 20.0
==========TSM_Transaction F_TSM_Transaction@f89046 dump end======
Transaction.CLOSED
==105300========TSM_Transaction F_TSM_Transaction@a4a9ef price:8655 range:474 dump start======
==========my_ors[OPENED] dump ======
ord_seq = stest
ord_no = s1234
add_date = 20141126
add_time = 95100
match_time = 95100
ord_bs = S
ord_qty = 1
cancel_qty = 0
ord_match_qty = 1
octype =  
preorder =  
err_code = 0000
------order source--------
buy_or_sell = S
code = MXFJ4
price = 9129
amount = 1
price_type = LMT
ordtype = ROD
octtype =  
==========my_ors[CLOSED] dump ======
ord_seq = covering
ord_no = c1234
add_date = 20141126
add_time = 95200
match_time = 105300
ord_bs = B
ord_qty = 1
cancel_qty = 0
ord_match_qty = 1
octype =  
preorder =  
err_code = 0000
------order source--------
buy_or_sell = B
code = MXFJ4
price = 9109
amount = 1
price_type = LMT
ordtype = ROD
octtype =  
TSM_Transaction Diff: 20.0
==========TSM_Transaction F_TSM_Transaction@a4a9ef dump end======
Transaction.CLOSED
==105300========TSM_Transaction F_TSM_Transaction@791635 price:8654 range:473 dump start======
==========my_ors[OPENED] dump ======
ord_seq = stest
ord_no = s1234
add_date = 20141126
add_time = 95200
match_time = 95200
ord_bs = S
ord_qty = 1
cancel_qty = 0
ord_match_qty = 1
octype =  
preorder =  
err_code = 0000
------order source--------
buy_or_sell = S
code = MXFJ4
price = 9127
amount = 1
price_type = LMT
ordtype = ROD
octtype =  
==========my_ors[CLOSED] dump ======
ord_seq = covering
ord_no = c1234
add_date = 20141126
add_time = 95300
match_time = 105300
ord_bs = B
ord_qty = 1
cancel_qty = 0
ord_match_qty = 1
octype =  
preorder =  
err_code = 0000
------order source--------
buy_or_sell = B
code = MXFJ4
price = 9107
amount = 1
price_type = LMT
ordtype = ROD
octtype =  
TSM_Transaction Diff: 20.0
==========TSM_Transaction F_TSM_Transaction@791635 dump end======
Transaction.CLOSED
==105300========TSM_Transaction F_TSM_Transaction@966dbd price:8654 range:473 dump start======
==========my_ors[OPENED] dump ======
ord_seq = stest
ord_no = s1234
add_date = 20141126
add_time = 95300
match_time = 95300
ord_bs = S
ord_qty = 1
cancel_qty = 0
ord_match_qty = 1
octype =  
preorder =  
err_code = 0000
------order source--------
buy_or_sell = S
code = MXFJ4
price = 9127
amount = 1
price_type = LMT
ordtype = ROD
octtype =  
==========my_ors[CLOSED] dump ======
ord_seq = covering
ord_no = c1234
add_date = 20141126
add_time = 95400
match_time = 105300
ord_bs = B
ord_qty = 1
cancel_qty = 0
ord_match_qty = 1
octype =  
preorder =  
err_code = 0000
------order source--------
buy_or_sell = B
code = MXFJ4
price = 9107
amount = 1
price_type = LMT
ordtype = ROD
octtype =  
TSM_Transaction Diff: 20.0
==========TSM_Transaction F_TSM_Transaction@966dbd dump end======
Transaction.CLOSED
==105300========TSM_Transaction F_TSM_Transaction@1b2cc1 price:8653 range:473 dump start======
==========my_ors[OPENED] dump ======
ord_seq = stest
ord_no = s1234
add_date = 20141126
add_time = 95400
match_time = 95400
ord_bs = S
ord_qty = 1
cancel_qty = 0
ord_match_qty = 1
octype =  
preorder =  
err_code = 0000
------order source--------
buy_or_sell = S
code = MXFJ4
price = 9126
amount = 1
price_type = LMT
ordtype = ROD
octtype =  
==========my_ors[CLOSED] dump ======
ord_seq = covering
ord_no = c1234
add_date = 20141126
add_time = 95500
match_time = 105300
ord_bs = B
ord_qty = 1
cancel_qty = 0
ord_match_qty = 1
octype =  
preorder =  
err_code = 0000
------order source--------
buy_or_sell = B
code = MXFJ4
price = 9106
amount = 1
price_type = LMT
ordtype = ROD
octtype =  
TSM_Transaction Diff: 20.0
==========TSM_Transaction F_TSM_Transaction@1b2cc1 dump end======
Transaction.CLOSED
==101000========TSM_Transaction F_TSM_Transaction@193d2a6 price:8651 range:470 dump start======
==========my_ors[OPENED] dump ======
ord_seq = stest
ord_no = s1234
add_date = 20141126
add_time = 95500
match_time = 95500
ord_bs = S
ord_qty = 1
cancel_qty = 0
ord_match_qty = 1
octype =  
preorder =  
err_code = 0000
------order source--------
buy_or_sell = S
code = MXFJ4
price = 9121
amount = 1
price_type = LMT
ordtype = ROD
octtype =  
==========my_ors[CLOSED] dump ======
ord_seq = covering
ord_no = c1234
add_date = 20141126
add_time = 101000
match_time = 101000
ord_bs = B
ord_qty = 1
cancel_qty = 0
ord_match_qty = 1
octype =  
preorder =  
err_code = 0000
------order source--------
buy_or_sell = B
code = MXFJ4
price = 9133
amount = 1
price_type = LMT
ordtype = ROD
octtype =  
TSM_Transaction Diff: -12.0
==========TSM_Transaction F_TSM_Transaction@193d2a6 dump end======
Transaction.CLOSED
==101300========TSM_Transaction F_TSM_Transaction@47335b price:8652 range:471 dump start======
==========my_ors[OPENED] dump ======
ord_seq = stest
ord_no = s1234
add_date = 20141126
add_time = 95600
match_time = 95600
ord_bs = S
ord_qty = 1
cancel_qty = 0
ord_match_qty = 1
octype =  
preorder =  
err_code = 0000
------order source--------
buy_or_sell = S
code = MXFJ4
price = 9123
amount = 1
price_type = LMT
ordtype = ROD
octtype =  
==========my_ors[CLOSED] dump ======
ord_seq = covering
ord_no = c1234
add_date = 20141126
add_time = 101300
match_time = 101300
ord_bs = B
ord_qty = 1
cancel_qty = 0
ord_match_qty = 1
octype =  
preorder =  
err_code = 0000
------order source--------
buy_or_sell = B
code = MXFJ4
price = 9135
amount = 1
price_type = LMT
ordtype = ROD
octtype =  
TSM_Transaction Diff: -12.0
==========TSM_Transaction F_TSM_Transaction@47335b dump end======
Transaction.CLOSED
==105400========TSM_Transaction F_TSM_Transaction@ef166e price:8653 range:472 dump start======
==========my_ors[OPENED] dump ======
ord_seq = stest
ord_no = s1234
add_date = 20141126
add_time = 95700
match_time = 95700
ord_bs = S
ord_qty = 1
cancel_qty = 0
ord_match_qty = 1
octype =  
preorder =  
err_code = 0000
------order source--------
buy_or_sell = S
code = MXFJ4
price = 9125
amount = 1
price_type = LMT
ordtype = ROD
octtype =  
==========my_ors[CLOSED] dump ======
ord_seq = covering
ord_no = c1234
add_date = 20141126
add_time = 95800
match_time = 105400
ord_bs = B
ord_qty = 1
cancel_qty = 0
ord_match_qty = 1
octype =  
preorder =  
err_code = 0000
------order source--------
buy_or_sell = B
code = MXFJ4
price = 9105
amount = 1
price_type = LMT
ordtype = ROD
octtype =  
TSM_Transaction Diff: 20.0
==========TSM_Transaction F_TSM_Transaction@ef166e dump end======
Transaction.CLOSED
==105300========TSM_Transaction F_TSM_Transaction@1f64d9 price:8653 range:473 dump start======
==========my_ors[OPENED] dump ======
ord_seq = stest
ord_no = s1234
add_date = 20141126
add_time = 95800
match_time = 95800
ord_bs = S
ord_qty = 1
cancel_qty = 0
ord_match_qty = 1
octype =  
preorder =  
err_code = 0000
------order source--------
buy_or_sell = S
code = MXFJ4
price = 9126
amount = 1
price_type = LMT
ordtype = ROD
octtype =  
==========my_ors[CLOSED] dump ======
ord_seq = covering
ord_no = c1234
add_date = 20141126
add_time = 95900
match_time = 105300
ord_bs = B
ord_qty = 1
cancel_qty = 0
ord_match_qty = 1
octype =  
preorder =  
err_code = 0000
------order source--------
buy_or_sell = B
code = MXFJ4
price = 9106
amount = 1
price_type = LMT
ordtype = ROD
octtype =  
TSM_Transaction Diff: 20.0
==========TSM_Transaction F_TSM_Transaction@1f64d9 dump end======
Transaction.CLOSED
==101300========TSM_Transaction F_TSM_Transaction@b3819c price:8652 range:471 dump start======
==========my_ors[OPENED] dump ======
ord_seq = stest
ord_no = s1234
add_date = 20141126
add_time = 95900
match_time = 95900
ord_bs = S
ord_qty = 1
cancel_qty = 0
ord_match_qty = 1
octype =  
preorder =  
err_code = 0000
------order source--------
buy_or_sell = S
code = MXFJ4
price = 9123
amount = 1
price_type = LMT
ordtype = ROD
octtype =  
==========my_ors[CLOSED] dump ======
ord_seq = covering
ord_no = c1234
add_date = 20141126
add_time = 101300
match_time = 101300
ord_bs = B
ord_qty = 1
cancel_qty = 0
ord_match_qty = 1
octype =  
preorder =  
err_code = 0000
------order source--------
buy_or_sell = B
code = MXFJ4
price = 9135
amount = 1
price_type = LMT
ordtype = ROD
octtype =  
TSM_Transaction Diff: -12.0
==========TSM_Transaction F_TSM_Transaction@b3819c dump end======
Transaction.CLOSED
==105300========TSM_Transaction F_TSM_Transaction@1e67a57 price:8654 range:473 dump start======
==========my_ors[OPENED] dump ======
ord_seq = stest
ord_no = s1234
add_date = 20141126
add_time = 100000
match_time = 100000
ord_bs = S
ord_qty = 1
cancel_qty = 0
ord_match_qty = 1
octype =  
preorder =  
err_code = 0000
------order source--------
buy_or_sell = S
code = MXFJ4
price = 9127
amount = 1
price_type = LMT
ordtype = ROD
octtype =  
==========my_ors[CLOSED] dump ======
ord_seq = covering
ord_no = c1234
add_date = 20141126
add_time = 100100
match_time = 105300
ord_bs = B
ord_qty = 1
cancel_qty = 0
ord_match_qty = 1
octype =  
preorder =  
err_code = 0000
------order source--------
buy_or_sell = B
code = MXFJ4
price = 9107
amount = 1
price_type = LMT
ordtype = ROD
octtype =  
TSM_Transaction Diff: 20.0
==========TSM_Transaction F_TSM_Transaction@1e67a57 dump end======
Transaction.CLOSED
==105300========TSM_Transaction F_TSM_Transaction@f32335 price:8654 range:474 dump start======
==========my_ors[OPENED] dump ======
ord_seq = stest
ord_no = s1234
add_date = 20141126
add_time = 100100
match_time = 100100
ord_bs = S
ord_qty = 1
cancel_qty = 0
ord_match_qty = 1
octype =  
preorder =  
err_code = 0000
------order source--------
buy_or_sell = S
code = MXFJ4
price = 9128
amount = 1
price_type = LMT
ordtype = ROD
octtype =  
==========my_ors[CLOSED] dump ======
ord_seq = covering
ord_no = c1234
add_date = 20141126
add_time = 100200
match_time = 105300
ord_bs = B
ord_qty = 1
cancel_qty = 0
ord_match_qty = 1
octype =  
preorder =  
err_code = 0000
------order source--------
buy_or_sell = B
code = MXFJ4
price = 9108
amount = 1
price_type = LMT
ordtype = ROD
octtype =  
TSM_Transaction Diff: 20.0
==========TSM_Transaction F_TSM_Transaction@f32335 dump end======
Transaction.CLOSED
==105300========TSM_Transaction F_TSM_Transaction@13e004a price:8653 range:473 dump start======
==========my_ors[OPENED] dump ======
ord_seq = stest
ord_no = s1234
add_date = 20141126
add_time = 100200
match_time = 100200
ord_bs = S
ord_qty = 1
cancel_qty = 0
ord_match_qty = 1
octype =  
preorder =  
err_code = 0000
------order source--------
buy_or_sell = S
code = MXFJ4
price = 9126
amount = 1
price_type = LMT
ordtype = ROD
octtype =  
==========my_ors[CLOSED] dump ======
ord_seq = covering
ord_no = c1234
add_date = 20141126
add_time = 100300
match_time = 105300
ord_bs = B
ord_qty = 1
cancel_qty = 0
ord_match_qty = 1
octype =  
preorder =  
err_code = 0000
------order source--------
buy_or_sell = B
code = MXFJ4
price = 9106
amount = 1
price_type = LMT
ordtype = ROD
octtype =  
TSM_Transaction Diff: 20.0
==========TSM_Transaction F_TSM_Transaction@13e004a dump end======
Transaction.CLOSED
==105300========TSM_Transaction F_TSM_Transaction@c927df price:8655 range:474 dump start======
==========my_ors[OPENED] dump ======
ord_seq = stest
ord_no = s1234
add_date = 20141126
add_time = 100300
match_time = 100300
ord_bs = S
ord_qty = 1
cancel_qty = 0
ord_match_qty = 1
octype =  
preorder =  
err_code = 0000
------order source--------
buy_or_sell = S
code = MXFJ4
price = 9129
amount = 1
price_type = LMT
ordtype = ROD
octtype =  
==========my_ors[CLOSED] dump ======
ord_seq = covering
ord_no = c1234
add_date = 20141126
add_time = 100400
match_time = 105300
ord_bs = B
ord_qty = 1
cancel_qty = 0
ord_match_qty = 1
octype =  
preorder =  
err_code = 0000
------order source--------
buy_or_sell = B
code = MXFJ4
price = 9109
amount = 1
price_type = LMT
ordtype = ROD
octtype =  
TSM_Transaction Diff: 20.0
==========TSM_Transaction F_TSM_Transaction@c927df dump end======
Transaction.CLOSED
==104900========TSM_Transaction F_TSM_Transaction@1d65f63 price:8655 range:475 dump start======
==========my_ors[OPENED] dump ======
ord_seq = stest
ord_no = s1234
add_date = 20141126
add_time = 100400
match_time = 100400
ord_bs = S
ord_qty = 1
cancel_qty = 0
ord_match_qty = 1
octype =  
preorder =  
err_code = 0000
------order source--------
buy_or_sell = S
code = MXFJ4
price = 9130
amount = 1
price_type = LMT
ordtype = ROD
octtype =  
==========my_ors[CLOSED] dump ======
ord_seq = covering
ord_no = c1234
add_date = 20141126
add_time = 100500
match_time = 104900
ord_bs = B
ord_qty = 1
cancel_qty = 0
ord_match_qty = 1
octype =  
preorder =  
err_code = 0000
------order source--------
buy_or_sell = B
code = MXFJ4
price = 9110
amount = 1
price_type = LMT
ordtype = ROD
octtype =  
TSM_Transaction Diff: 20.0
==========TSM_Transaction F_TSM_Transaction@1d65f63 dump end======
Transaction.CLOSED
==105300========TSM_Transaction F_TSM_Transaction@141f27c price:8654 range:474 dump start======
==========my_ors[OPENED] dump ======
ord_seq = stest
ord_no = s1234
add_date = 20141126
add_time = 100500
match_time = 100500
ord_bs = S
ord_qty = 1
cancel_qty = 0
ord_match_qty = 1
octype =  
preorder =  
err_code = 0000
------order source--------
buy_or_sell = S
code = MXFJ4
price = 9128
amount = 1
price_type = LMT
ordtype = ROD
octtype =  
==========my_ors[CLOSED] dump ======
ord_seq = covering
ord_no = c1234
add_date = 20141126
add_time = 100600
match_time = 105300
ord_bs = B
ord_qty = 1
cancel_qty = 0
ord_match_qty = 1
octype =  
preorder =  
err_code = 0000
------order source--------
buy_or_sell = B
code = MXFJ4
price = 9108
amount = 1
price_type = LMT
ordtype = ROD
octtype =  
TSM_Transaction Diff: 20.0
==========TSM_Transaction F_TSM_Transaction@141f27c dump end======
Transaction.CLOSED
==105300========TSM_Transaction F_TSM_Transaction@13069a5 price:8654 range:473 dump start======
==========my_ors[OPENED] dump ======
ord_seq = stest
ord_no = s1234
add_date = 20141126
add_time = 100600
match_time = 100600
ord_bs = S
ord_qty = 1
cancel_qty = 0
ord_match_qty = 1
octype =  
preorder =  
err_code = 0000
------order source--------
buy_or_sell = S
code = MXFJ4
price = 9127
amount = 1
price_type = LMT
ordtype = ROD
octtype =  
==========my_ors[CLOSED] dump ======
ord_seq = covering
ord_no = c1234
add_date = 20141126
add_time = 100700
match_time = 105300
ord_bs = B
ord_qty = 1
cancel_qty = 0
ord_match_qty = 1
octype =  
preorder =  
err_code = 0000
------order source--------
buy_or_sell = B
code = MXFJ4
price = 9107
amount = 1
price_type = LMT
ordtype = ROD
octtype =  
TSM_Transaction Diff: 20.0
==========TSM_Transaction F_TSM_Transaction@13069a5 dump end======
Transaction.CLOSED
==105300========TSM_Transaction F_TSM_Transaction@1147d0f price:8653 range:473 dump start======
==========my_ors[OPENED] dump ======
ord_seq = stest
ord_no = s1234
add_date = 20141126
add_time = 100700
match_time = 100700
ord_bs = S
ord_qty = 1
cancel_qty = 0
ord_match_qty = 1
octype =  
preorder =  
err_code = 0000
------order source--------
buy_or_sell = S
code = MXFJ4
price = 9126
amount = 1
price_type = LMT
ordtype = ROD
octtype =  
==========my_ors[CLOSED] dump ======
ord_seq = covering
ord_no = c1234
add_date = 20141126
add_time = 100800
match_time = 105300
ord_bs = B
ord_qty = 1
cancel_qty = 0
ord_match_qty = 1
octype =  
preorder =  
err_code = 0000
------order source--------
buy_or_sell = B
code = MXFJ4
price = 9106
amount = 1
price_type = LMT
ordtype = ROD
octtype =  
TSM_Transaction Diff: 20.0
==========TSM_Transaction F_TSM_Transaction@1147d0f dump end======
Transaction.CLOSED
==105300========TSM_Transaction F_TSM_Transaction@5595bb price:8653 range:473 dump start======
==========my_ors[OPENED] dump ======
ord_seq = stest
ord_no = s1234
add_date = 20141126
add_time = 100800
match_time = 100800
ord_bs = S
ord_qty = 1
cancel_qty = 0
ord_match_qty = 1
octype =  
preorder =  
err_code = 0000
------order source--------
buy_or_sell = S
code = MXFJ4
price = 9126
amount = 1
price_type = LMT
ordtype = ROD
octtype =  
==========my_ors[CLOSED] dump ======
ord_seq = covering
ord_no = c1234
add_date = 20141126
add_time = 100900
match_time = 105300
ord_bs = B
ord_qty = 1
cancel_qty = 0
ord_match_qty = 1
octype =  
preorder =  
err_code = 0000
------order source--------
buy_or_sell = B
code = MXFJ4
price = 9106
amount = 1
price_type = LMT
ordtype = ROD
octtype =  
TSM_Transaction Diff: 20.0
==========TSM_Transaction F_TSM_Transaction@5595bb dump end======
Transaction.CLOSED
==105300========TSM_Transaction F_TSM_Transaction@1f24b1c price:8655 range:474 dump start======
==========my_ors[OPENED] dump ======
ord_seq = stest
ord_no = s1234
add_date = 20141126
add_time = 100900
match_time = 100900
ord_bs = S
ord_qty = 1
cancel_qty = 0
ord_match_qty = 1
octype =  
preorder =  
err_code = 0000
------order source--------
buy_or_sell = S
code = MXFJ4
price = 9129
amount = 1
price_type = LMT
ordtype = ROD
octtype =  
==========my_ors[CLOSED] dump ======
ord_seq = covering
ord_no = c1234
add_date = 20141126
add_time = 101000
match_time = 105300
ord_bs = B
ord_qty = 1
cancel_qty = 0
ord_match_qty = 1
octype =  
preorder =  
err_code = 0000
------order source--------
buy_or_sell = B
code = MXFJ4
price = 9109
amount = 1
price_type = LMT
ordtype = ROD
octtype =  
TSM_Transaction Diff: 20.0
==========TSM_Transaction F_TSM_Transaction@1f24b1c dump end======
Transaction.CLOSED
==104900========TSM_Transaction F_TSM_Transaction@16acb8e price:8655 range:475 dump start======
==========my_ors[OPENED] dump ======
ord_seq = stest
ord_no = s1234
add_date = 20141126
add_time = 101000
match_time = 101000
ord_bs = S
ord_qty = 1
cancel_qty = 0
ord_match_qty = 1
octype =  
preorder =  
err_code = 0000
------order source--------
buy_or_sell = S
code = MXFJ4
price = 9130
amount = 1
price_type = LMT
ordtype = ROD
octtype =  
==========my_ors[CLOSED] dump ======
ord_seq = covering
ord_no = c1234
add_date = 20141126
add_time = 101100
match_time = 104900
ord_bs = B
ord_qty = 1
cancel_qty = 0
ord_match_qty = 1
octype =  
preorder =  
err_code = 0000
------order source--------
buy_or_sell = B
code = MXFJ4
price = 9110
amount = 1
price_type = LMT
ordtype = ROD
octtype =  
TSM_Transaction Diff: 20.0
==========TSM_Transaction F_TSM_Transaction@16acb8e dump end======
Transaction.CLOSED
==105300========TSM_Transaction F_TSM_Transaction@1a27090 price:8653 range:473 dump start======
==========my_ors[OPENED] dump ======
ord_seq = stest
ord_no = s1234
add_date = 20141126
add_time = 101100
match_time = 101100
ord_bs = S
ord_qty = 1
cancel_qty = 0
ord_match_qty = 1
octype =  
preorder =  
err_code = 0000
------order source--------
buy_or_sell = S
code = MXFJ4
price = 9126
amount = 1
price_type = LMT
ordtype = ROD
octtype =  
==========my_ors[CLOSED] dump ======
ord_seq = covering
ord_no = c1234
add_date = 20141126
add_time = 101200
match_time = 105300
ord_bs = B
ord_qty = 1
cancel_qty = 0
ord_match_qty = 1
octype =  
preorder =  
err_code = 0000
------order source--------
buy_or_sell = B
code = MXFJ4
price = 9106
amount = 1
price_type = LMT
ordtype = ROD
octtype =  
TSM_Transaction Diff: 20.0
==========TSM_Transaction F_TSM_Transaction@1a27090 dump end======
Transaction.CLOSED
==104900========TSM_Transaction F_TSM_Transaction@1a2eb6b price:8655 range:475 dump start======
==========my_ors[OPENED] dump ======
ord_seq = stest
ord_no = s1234
add_date = 20141126
add_time = 101200
match_time = 101200
ord_bs = S
ord_qty = 1
cancel_qty = 0
ord_match_qty = 1
octype =  
preorder =  
err_code = 0000
------order source--------
buy_or_sell = S
code = MXFJ4
price = 9130
amount = 1
price_type = LMT
ordtype = ROD
octtype =  
==========my_ors[CLOSED] dump ======
ord_seq = covering
ord_no = c1234
add_date = 20141126
add_time = 101300
match_time = 104900
ord_bs = B
ord_qty = 1
cancel_qty = 0
ord_match_qty = 1
octype =  
preorder =  
err_code = 0000
------order source--------
buy_or_sell = B
code = MXFJ4
price = 9110
amount = 1
price_type = LMT
ordtype = ROD
octtype =  
TSM_Transaction Diff: 20.0
==========TSM_Transaction F_TSM_Transaction@1a2eb6b dump end======
Transaction.CLOSED
==104800========TSM_Transaction F_TSM_Transaction@11e4cea price:8656 range:476 dump start======
==========my_ors[OPENED] dump ======
ord_seq = stest
ord_no = s1234
add_date = 20141126
add_time = 101300
match_time = 101300
ord_bs = S
ord_qty = 1
cancel_qty = 0
ord_match_qty = 1
octype =  
preorder =  
err_code = 0000
------order source--------
buy_or_sell = S
code = MXFJ4
price = 9132
amount = 1
price_type = LMT
ordtype = ROD
octtype =  
==========my_ors[CLOSED] dump ======
ord_seq = covering
ord_no = c1234
add_date = 20141126
add_time = 101400
match_time = 104800
ord_bs = B
ord_qty = 1
cancel_qty = 0
ord_match_qty = 1
octype =  
preorder =  
err_code = 0000
------order source--------
buy_or_sell = B
code = MXFJ4
price = 9112
amount = 1
price_type = LMT
ordtype = ROD
octtype =  
TSM_Transaction Diff: 20.0
==========TSM_Transaction F_TSM_Transaction@11e4cea dump end======
Transaction.CLOSED
==104800========TSM_Transaction F_TSM_Transaction@86f9a price:8656 range:476 dump start======
==========my_ors[OPENED] dump ======
ord_seq = stest
ord_no = s1234
add_date = 20141126
add_time = 101400
match_time = 101400
ord_bs = S
ord_qty = 1
cancel_qty = 0
ord_match_qty = 1
octype =  
preorder =  
err_code = 0000
------order source--------
buy_or_sell = S
code = MXFJ4
price = 9132
amount = 1
price_type = LMT
ordtype = ROD
octtype =  
==========my_ors[CLOSED] dump ======
ord_seq = covering
ord_no = c1234
add_date = 20141126
add_time = 101500
match_time = 104800
ord_bs = B
ord_qty = 1
cancel_qty = 0
ord_match_qty = 1
octype =  
preorder =  
err_code = 0000
------order source--------
buy_or_sell = B
code = MXFJ4
price = 9112
amount = 1
price_type = LMT
ordtype = ROD
octtype =  
TSM_Transaction Diff: 20.0
==========TSM_Transaction F_TSM_Transaction@86f9a dump end======
Transaction.CLOSED
==104900========TSM_Transaction F_TSM_Transaction@e552ff price:8656 range:475 dump start======
==========my_ors[OPENED] dump ======
ord_seq = stest
ord_no = s1234
add_date = 20141126
add_time = 101500
match_time = 101500
ord_bs = S
ord_qty = 1
cancel_qty = 0
ord_match_qty = 1
octype =  
preorder =  
err_code = 0000
------order source--------
buy_or_sell = S
code = MXFJ4
price = 9131
amount = 1
price_type = LMT
ordtype = ROD
octtype =  
==========my_ors[CLOSED] dump ======
ord_seq = covering
ord_no = c1234
add_date = 20141126
add_time = 101600
match_time = 104900
ord_bs = B
ord_qty = 1
cancel_qty = 0
ord_match_qty = 1
octype =  
preorder =  
err_code = 0000
------order source--------
buy_or_sell = B
code = MXFJ4
price = 9111
amount = 1
price_type = LMT
ordtype = ROD
octtype =  
TSM_Transaction Diff: 20.0
==========TSM_Transaction F_TSM_Transaction@e552ff dump end======
Transaction.CLOSED
==104800========TSM_Transaction F_TSM_Transaction@139e31f price:8656 range:476 dump start======
==========my_ors[OPENED] dump ======
ord_seq = stest
ord_no = s1234
add_date = 20141126
add_time = 101600
match_time = 101600
ord_bs = S
ord_qty = 1
cancel_qty = 0
ord_match_qty = 1
octype =  
preorder =  
err_code = 0000
------order source--------
buy_or_sell = S
code = MXFJ4
price = 9132
amount = 1
price_type = LMT
ordtype = ROD
octtype =  
==========my_ors[CLOSED] dump ======
ord_seq = covering
ord_no = c1234
add_date = 20141126
add_time = 101700
match_time = 104800
ord_bs = B
ord_qty = 1
cancel_qty = 0
ord_match_qty = 1
octype =  
preorder =  
err_code = 0000
------order source--------
buy_or_sell = B
code = MXFJ4
price = 9112
amount = 1
price_type = LMT
ordtype = ROD
octtype =  
TSM_Transaction Diff: 20.0
==========TSM_Transaction F_TSM_Transaction@139e31f dump end======
Transaction.CLOSED
==104900========TSM_Transaction F_TSM_Transaction@1ed918d price:8655 range:475 dump start======
==========my_ors[OPENED] dump ======
ord_seq = stest
ord_no = s1234
add_date = 20141126
add_time = 101700
match_time = 101700
ord_bs = S
ord_qty = 1
cancel_qty = 0
ord_match_qty = 1
octype =  
preorder =  
err_code = 0000
------order source--------
buy_or_sell = S
code = MXFJ4
price = 9130
amount = 1
price_type = LMT
ordtype = ROD
octtype =  
==========my_ors[CLOSED] dump ======
ord_seq = covering
ord_no = c1234
add_date = 20141126
add_time = 101800
match_time = 104900
ord_bs = B
ord_qty = 1
cancel_qty = 0
ord_match_qty = 1
octype =  
preorder =  
err_code = 0000
------order source--------
buy_or_sell = B
code = MXFJ4
price = 9110
amount = 1
price_type = LMT
ordtype = ROD
octtype =  
TSM_Transaction Diff: 20.0
==========TSM_Transaction F_TSM_Transaction@1ed918d dump end======
Transaction.CLOSED
==104900========TSM_Transaction F_TSM_Transaction@1c6f5a7 price:8655 range:475 dump start======
==========my_ors[OPENED] dump ======
ord_seq = stest
ord_no = s1234
add_date = 20141126
add_time = 101800
match_time = 101800
ord_bs = S
ord_qty = 1
cancel_qty = 0
ord_match_qty = 1
octype =  
preorder =  
err_code = 0000
------order source--------
buy_or_sell = S
code = MXFJ4
price = 9130
amount = 1
price_type = LMT
ordtype = ROD
octtype =  
==========my_ors[CLOSED] dump ======
ord_seq = covering
ord_no = c1234
add_date = 20141126
add_time = 101900
match_time = 104900
ord_bs = B
ord_qty = 1
cancel_qty = 0
ord_match_qty = 1
octype =  
preorder =  
err_code = 0000
------order source--------
buy_or_sell = B
code = MXFJ4
price = 9110
amount = 1
price_type = LMT
ordtype = ROD
octtype =  
TSM_Transaction Diff: 20.0
==========TSM_Transaction F_TSM_Transaction@1c6f5a7 dump end======
Transaction.CLOSED
==104900========TSM_Transaction F_TSM_Transaction@1b33ffe price:8656 range:475 dump start======
==========my_ors[OPENED] dump ======
ord_seq = stest
ord_no = s1234
add_date = 20141126
add_time = 101900
match_time = 101900
ord_bs = S
ord_qty = 1
cancel_qty = 0
ord_match_qty = 1
octype =  
preorder =  
err_code = 0000
------order source--------
buy_or_sell = S
code = MXFJ4
price = 9131
amount = 1
price_type = LMT
ordtype = ROD
octtype =  
==========my_ors[CLOSED] dump ======
ord_seq = covering
ord_no = c1234
add_date = 20141126
add_time = 102000
match_time = 104900
ord_bs = B
ord_qty = 1
cancel_qty = 0
ord_match_qty = 1
octype =  
preorder =  
err_code = 0000
------order source--------
buy_or_sell = B
code = MXFJ4
price = 9111
amount = 1
price_type = LMT
ordtype = ROD
octtype =  
TSM_Transaction Diff: 20.0
==========TSM_Transaction F_TSM_Transaction@1b33ffe dump end======
Transaction.CLOSED
==104900========TSM_Transaction F_TSM_Transaction@7c2f9f price:8655 range:475 dump start======
==========my_ors[OPENED] dump ======
ord_seq = stest
ord_no = s1234
add_date = 20141126
add_time = 102000
match_time = 102000
ord_bs = S
ord_qty = 1
cancel_qty = 0
ord_match_qty = 1
octype =  
preorder =  
err_code = 0000
------order source--------
buy_or_sell = S
code = MXFJ4
price = 9130
amount = 1
price_type = LMT
ordtype = ROD
octtype =  
==========my_ors[CLOSED] dump ======
ord_seq = covering
ord_no = c1234
add_date = 20141126
add_time = 102100
match_time = 104900
ord_bs = B
ord_qty = 1
cancel_qty = 0
ord_match_qty = 1
octype =  
preorder =  
err_code = 0000
------order source--------
buy_or_sell = B
code = MXFJ4
price = 9110
amount = 1
price_type = LMT
ordtype = ROD
octtype =  
TSM_Transaction Diff: 20.0
==========TSM_Transaction F_TSM_Transaction@7c2f9f dump end======
Transaction.CLOSED
==105300========TSM_Transaction F_TSM_Transaction@1c290fe price:8654 range:473 dump start======
==========my_ors[OPENED] dump ======
ord_seq = stest
ord_no = s1234
add_date = 20141126
add_time = 102100
match_time = 102100
ord_bs = S
ord_qty = 1
cancel_qty = 0
ord_match_qty = 1
octype =  
preorder =  
err_code = 0000
------order source--------
buy_or_sell = S
code = MXFJ4
price = 9127
amount = 1
price_type = LMT
ordtype = ROD
octtype =  
==========my_ors[CLOSED] dump ======
ord_seq = covering
ord_no = c1234
add_date = 20141126
add_time = 102200
match_time = 105300
ord_bs = B
ord_qty = 1
cancel_qty = 0
ord_match_qty = 1
octype =  
preorder =  
err_code = 0000
------order source--------
buy_or_sell = B
code = MXFJ4
price = 9107
amount = 1
price_type = LMT
ordtype = ROD
octtype =  
TSM_Transaction Diff: 20.0
==========TSM_Transaction F_TSM_Transaction@1c290fe dump end======
Transaction.CLOSED
==105300========TSM_Transaction F_TSM_Transaction@1ea751f price:8653 range:473 dump start======
==========my_ors[OPENED] dump ======
ord_seq = stest
ord_no = s1234
add_date = 20141126
add_time = 102200
match_time = 102200
ord_bs = S
ord_qty = 1
cancel_qty = 0
ord_match_qty = 1
octype =  
preorder =  
err_code = 0000
------order source--------
buy_or_sell = S
code = MXFJ4
price = 9126
amount = 1
price_type = LMT
ordtype = ROD
octtype =  
==========my_ors[CLOSED] dump ======
ord_seq = covering
ord_no = c1234
add_date = 20141126
add_time = 102300
match_time = 105300
ord_bs = B
ord_qty = 1
cancel_qty = 0
ord_match_qty = 1
octype =  
preorder =  
err_code = 0000
------order source--------
buy_or_sell = B
code = MXFJ4
price = 9106
amount = 1
price_type = LMT
ordtype = ROD
octtype =  
TSM_Transaction Diff: 20.0
==========TSM_Transaction F_TSM_Transaction@1ea751f dump end======
Transaction.CLOSED
==105300========TSM_Transaction F_TSM_Transaction@36d467 price:8655 range:474 dump start======
==========my_ors[OPENED] dump ======
ord_seq = stest
ord_no = s1234
add_date = 20141126
add_time = 102300
match_time = 102300
ord_bs = S
ord_qty = 1
cancel_qty = 0
ord_match_qty = 1
octype =  
preorder =  
err_code = 0000
------order source--------
buy_or_sell = S
code = MXFJ4
price = 9129
amount = 1
price_type = LMT
ordtype = ROD
octtype =  
==========my_ors[CLOSED] dump ======
ord_seq = covering
ord_no = c1234
add_date = 20141126
add_time = 102400
match_time = 105300
ord_bs = B
ord_qty = 1
cancel_qty = 0
ord_match_qty = 1
octype =  
preorder =  
err_code = 0000
------order source--------
buy_or_sell = B
code = MXFJ4
price = 9109
amount = 1
price_type = LMT
ordtype = ROD
octtype =  
TSM_Transaction Diff: 20.0
==========TSM_Transaction F_TSM_Transaction@36d467 dump end======
Transaction.CLOSED
==105300========TSM_Transaction F_TSM_Transaction@38e0fd price:8655 range:474 dump start======
==========my_ors[OPENED] dump ======
ord_seq = stest
ord_no = s1234
add_date = 20141126
add_time = 102400
match_time = 102400
ord_bs = S
ord_qty = 1
cancel_qty = 0
ord_match_qty = 1
octype =  
preorder =  
err_code = 0000
------order source--------
buy_or_sell = S
code = MXFJ4
price = 9129
amount = 1
price_type = LMT
ordtype = ROD
octtype =  
==========my_ors[CLOSED] dump ======
ord_seq = covering
ord_no = c1234
add_date = 20141126
add_time = 102500
match_time = 105300
ord_bs = B
ord_qty = 1
cancel_qty = 0
ord_match_qty = 1
octype =  
preorder =  
err_code = 0000
------order source--------
buy_or_sell = B
code = MXFJ4
price = 9109
amount = 1
price_type = LMT
ordtype = ROD
octtype =  
TSM_Transaction Diff: 20.0
==========TSM_Transaction F_TSM_Transaction@38e0fd dump end======
Transaction.CLOSED
==105300========TSM_Transaction F_TSM_Transaction@1e9ad38 price:8654 range:473 dump start======
==========my_ors[OPENED] dump ======
ord_seq = stest
ord_no = s1234
add_date = 20141126
add_time = 102500
match_time = 102500
ord_bs = S
ord_qty = 1
cancel_qty = 0
ord_match_qty = 1
octype =  
preorder =  
err_code = 0000
------order source--------
buy_or_sell = S
code = MXFJ4
price = 9127
amount = 1
price_type = LMT
ordtype = ROD
octtype =  
==========my_ors[CLOSED] dump ======
ord_seq = covering
ord_no = c1234
add_date = 20141126
add_time = 102600
match_time = 105300
ord_bs = B
ord_qty = 1
cancel_qty = 0
ord_match_qty = 1
octype =  
preorder =  
err_code = 0000
------order source--------
buy_or_sell = B
code = MXFJ4
price = 9107
amount = 1
price_type = LMT
ordtype = ROD
octtype =  
TSM_Transaction Diff: 20.0
==========TSM_Transaction F_TSM_Transaction@1e9ad38 dump end======
Transaction.CLOSED
==105300========TSM_Transaction F_TSM_Transaction@17a5cdc price:8654 range:473 dump start======
==========my_ors[OPENED] dump ======
ord_seq = stest
ord_no = s1234
add_date = 20141126
add_time = 102600
match_time = 102600
ord_bs = S
ord_qty = 1
cancel_qty = 0
ord_match_qty = 1
octype =  
preorder =  
err_code = 0000
------order source--------
buy_or_sell = S
code = MXFJ4
price = 9127
amount = 1
price_type = LMT
ordtype = ROD
octtype =  
==========my_ors[CLOSED] dump ======
ord_seq = covering
ord_no = c1234
add_date = 20141126
add_time = 102700
match_time = 105300
ord_bs = B
ord_qty = 1
cancel_qty = 0
ord_match_qty = 1
octype =  
preorder =  
err_code = 0000
------order source--------
buy_or_sell = B
code = MXFJ4
price = 9107
amount = 1
price_type = LMT
ordtype = ROD
octtype =  
TSM_Transaction Diff: 20.0
==========TSM_Transaction F_TSM_Transaction@17a5cdc dump end======
Transaction.CLOSED
==105300========TSM_Transaction F_TSM_Transaction@1618412 price:8655 range:474 dump start======
==========my_ors[OPENED] dump ======
ord_seq = stest
ord_no = s1234
add_date = 20141126
add_time = 102700
match_time = 102700
ord_bs = S
ord_qty = 1
cancel_qty = 0
ord_match_qty = 1
octype =  
preorder =  
err_code = 0000
------order source--------
buy_or_sell = S
code = MXFJ4
price = 9129
amount = 1
price_type = LMT
ordtype = ROD
octtype =  
==========my_ors[CLOSED] dump ======
ord_seq = covering
ord_no = c1234
add_date = 20141126
add_time = 102800
match_time = 105300
ord_bs = B
ord_qty = 1
cancel_qty = 0
ord_match_qty = 1
octype =  
preorder =  
err_code = 0000
------order source--------
buy_or_sell = B
code = MXFJ4
price = 9109
amount = 1
price_type = LMT
ordtype = ROD
octtype =  
TSM_Transaction Diff: 20.0
==========TSM_Transaction F_TSM_Transaction@1618412 dump end======
Transaction.CLOSED
==105300========TSM_Transaction F_TSM_Transaction@1c0d03d price:8655 range:474 dump start======
==========my_ors[OPENED] dump ======
ord_seq = stest
ord_no = s1234
add_date = 20141126
add_time = 102800
match_time = 102800
ord_bs = S
ord_qty = 1
cancel_qty = 0
ord_match_qty = 1
octype =  
preorder =  
err_code = 0000
------order source--------
buy_or_sell = S
code = MXFJ4
price = 9129
amount = 1
price_type = LMT
ordtype = ROD
octtype =  
==========my_ors[CLOSED] dump ======
ord_seq = covering
ord_no = c1234
add_date = 20141126
add_time = 102900
match_time = 105300
ord_bs = B
ord_qty = 1
cancel_qty = 0
ord_match_qty = 1
octype =  
preorder =  
err_code = 0000
------order source--------
buy_or_sell = B
code = MXFJ4
price = 9109
amount = 1
price_type = LMT
ordtype = ROD
octtype =  
TSM_Transaction Diff: 20.0
==========TSM_Transaction F_TSM_Transaction@1c0d03d dump end======
Transaction.CLOSED
==104900========TSM_Transaction F_TSM_Transaction@c5db40 price:8656 range:475 dump start======
==========my_ors[OPENED] dump ======
ord_seq = stest
ord_no = s1234
add_date = 20141126
add_time = 102900
match_time = 102900
ord_bs = S
ord_qty = 1
cancel_qty = 0
ord_match_qty = 1
octype =  
preorder =  
err_code = 0000
------order source--------
buy_or_sell = S
code = MXFJ4
price = 9131
amount = 1
price_type = LMT
ordtype = ROD
octtype =  
==========my_ors[CLOSED] dump ======
ord_seq = covering
ord_no = c1234
add_date = 20141126
add_time = 103000
match_time = 104900
ord_bs = B
ord_qty = 1
cancel_qty = 0
ord_match_qty = 1
octype =  
preorder =  
err_code = 0000
------order source--------
buy_or_sell = B
code = MXFJ4
price = 9111
amount = 1
price_type = LMT
ordtype = ROD
octtype =  
TSM_Transaction Diff: 20.0
==========TSM_Transaction F_TSM_Transaction@c5db40 dump end======
Transaction.CLOSED
==105300========TSM_Transaction F_TSM_Transaction@199ad6e price:8655 range:474 dump start======
==========my_ors[OPENED] dump ======
ord_seq = stest
ord_no = s1234
add_date = 20141126
add_time = 103000
match_time = 103000
ord_bs = S
ord_qty = 1
cancel_qty = 0
ord_match_qty = 1
octype =  
preorder =  
err_code = 0000
------order source--------
buy_or_sell = S
code = MXFJ4
price = 9129
amount = 1
price_type = LMT
ordtype = ROD
octtype =  
==========my_ors[CLOSED] dump ======
ord_seq = covering
ord_no = c1234
add_date = 20141126
add_time = 103100
match_time = 105300
ord_bs = B
ord_qty = 1
cancel_qty = 0
ord_match_qty = 1
octype =  
preorder =  
err_code = 0000
------order source--------
buy_or_sell = B
code = MXFJ4
price = 9109
amount = 1
price_type = LMT
ordtype = ROD
octtype =  
TSM_Transaction Diff: 20.0
==========TSM_Transaction F_TSM_Transaction@199ad6e dump end======
Transaction.CLOSED
==105300========TSM_Transaction F_TSM_Transaction@81d8ab price:8654 range:474 dump start======
==========my_ors[OPENED] dump ======
ord_seq = stest
ord_no = s1234
add_date = 20141126
add_time = 103100
match_time = 103100
ord_bs = S
ord_qty = 1
cancel_qty = 0
ord_match_qty = 1
octype =  
preorder =  
err_code = 0000
------order source--------
buy_or_sell = S
code = MXFJ4
price = 9128
amount = 1
price_type = LMT
ordtype = ROD
octtype =  
==========my_ors[CLOSED] dump ======
ord_seq = covering
ord_no = c1234
add_date = 20141126
add_time = 103200
match_time = 105300
ord_bs = B
ord_qty = 1
cancel_qty = 0
ord_match_qty = 1
octype =  
preorder =  
err_code = 0000
------order source--------
buy_or_sell = B
code = MXFJ4
price = 9108
amount = 1
price_type = LMT
ordtype = ROD
octtype =  
TSM_Transaction Diff: 20.0
==========TSM_Transaction F_TSM_Transaction@81d8ab dump end======
Transaction.CLOSED
==105300========TSM_Transaction F_TSM_Transaction@1589e2b price:8654 range:474 dump start======
==========my_ors[OPENED] dump ======
ord_seq = stest
ord_no = s1234
add_date = 20141126
add_time = 103200
match_time = 103200
ord_bs = S
ord_qty = 1
cancel_qty = 0
ord_match_qty = 1
octype =  
preorder =  
err_code = 0000
------order source--------
buy_or_sell = S
code = MXFJ4
price = 9128
amount = 1
price_type = LMT
ordtype = ROD
octtype =  
==========my_ors[CLOSED] dump ======
ord_seq = covering
ord_no = c1234
add_date = 20141126
add_time = 103300
match_time = 105300
ord_bs = B
ord_qty = 1
cancel_qty = 0
ord_match_qty = 1
octype =  
preorder =  
err_code = 0000
------order source--------
buy_or_sell = B
code = MXFJ4
price = 9108
amount = 1
price_type = LMT
ordtype = ROD
octtype =  
TSM_Transaction Diff: 20.0
==========TSM_Transaction F_TSM_Transaction@1589e2b dump end======
Transaction.CLOSED
==104900========TSM_Transaction F_TSM_Transaction@fc6bbb price:8655 range:475 dump start======
==========my_ors[OPENED] dump ======
ord_seq = stest
ord_no = s1234
add_date = 20141126
add_time = 103300
match_time = 103300
ord_bs = S
ord_qty = 1
cancel_qty = 0
ord_match_qty = 1
octype =  
preorder =  
err_code = 0000
------order source--------
buy_or_sell = S
code = MXFJ4
price = 9130
amount = 1
price_type = LMT
ordtype = ROD
octtype =  
==========my_ors[CLOSED] dump ======
ord_seq = covering
ord_no = c1234
add_date = 20141126
add_time = 103400
match_time = 104900
ord_bs = B
ord_qty = 1
cancel_qty = 0
ord_match_qty = 1
octype =  
preorder =  
err_code = 0000
------order source--------
buy_or_sell = B
code = MXFJ4
price = 9110
amount = 1
price_type = LMT
ordtype = ROD
octtype =  
TSM_Transaction Diff: 20.0
==========TSM_Transaction F_TSM_Transaction@fc6bbb dump end======
Transaction.CLOSED
==104900========TSM_Transaction F_TSM_Transaction@1e85d4a price:8655 range:475 dump start======
==========my_ors[OPENED] dump ======
ord_seq = stest
ord_no = s1234
add_date = 20141126
add_time = 103400
match_time = 103400
ord_bs = S
ord_qty = 1
cancel_qty = 0
ord_match_qty = 1
octype =  
preorder =  
err_code = 0000
------order source--------
buy_or_sell = S
code = MXFJ4
price = 9130
amount = 1
price_type = LMT
ordtype = ROD
octtype =  
==========my_ors[CLOSED] dump ======
ord_seq = covering
ord_no = c1234
add_date = 20141126
add_time = 103500
match_time = 104900
ord_bs = B
ord_qty = 1
cancel_qty = 0
ord_match_qty = 1
octype =  
preorder =  
err_code = 0000
------order source--------
buy_or_sell = B
code = MXFJ4
price = 9110
amount = 1
price_type = LMT
ordtype = ROD
octtype =  
TSM_Transaction Diff: 20.0
==========TSM_Transaction F_TSM_Transaction@1e85d4a dump end======
Transaction.CLOSED
==105300========TSM_Transaction F_TSM_Transaction@1e5044 price:8654 range:474 dump start======
==========my_ors[OPENED] dump ======
ord_seq = stest
ord_no = s1234
add_date = 20141126
add_time = 103500
match_time = 103500
ord_bs = S
ord_qty = 1
cancel_qty = 0
ord_match_qty = 1
octype =  
preorder =  
err_code = 0000
------order source--------
buy_or_sell = S
code = MXFJ4
price = 9128
amount = 1
price_type = LMT
ordtype = ROD
octtype =  
==========my_ors[CLOSED] dump ======
ord_seq = covering
ord_no = c1234
add_date = 20141126
add_time = 103600
match_time = 105300
ord_bs = B
ord_qty = 1
cancel_qty = 0
ord_match_qty = 1
octype =  
preorder =  
err_code = 0000
------order source--------
buy_or_sell = B
code = MXFJ4
price = 9108
amount = 1
price_type = LMT
ordtype = ROD
octtype =  
TSM_Transaction Diff: 20.0
==========TSM_Transaction F_TSM_Transaction@1e5044 dump end======
Transaction.CLOSED
==104900========TSM_Transaction F_TSM_Transaction@6b735c price:8655 range:475 dump start======
==========my_ors[OPENED] dump ======
ord_seq = stest
ord_no = s1234
add_date = 20141126
add_time = 103600
match_time = 103600
ord_bs = S
ord_qty = 1
cancel_qty = 0
ord_match_qty = 1
octype =  
preorder =  
err_code = 0000
------order source--------
buy_or_sell = S
code = MXFJ4
price = 9130
amount = 1
price_type = LMT
ordtype = ROD
octtype =  
==========my_ors[CLOSED] dump ======
ord_seq = covering
ord_no = c1234
add_date = 20141126
add_time = 103700
match_time = 104900
ord_bs = B
ord_qty = 1
cancel_qty = 0
ord_match_qty = 1
octype =  
preorder =  
err_code = 0000
------order source--------
buy_or_sell = B
code = MXFJ4
price = 9110
amount = 1
price_type = LMT
ordtype = ROD
octtype =  
TSM_Transaction Diff: 20.0
==========TSM_Transaction F_TSM_Transaction@6b735c dump end======
Transaction.CLOSED
==105300========TSM_Transaction F_TSM_Transaction@188b8f9 price:8655 range:474 dump start======
==========my_ors[OPENED] dump ======
ord_seq = stest
ord_no = s1234
add_date = 20141126
add_time = 103700
match_time = 103700
ord_bs = S
ord_qty = 1
cancel_qty = 0
ord_match_qty = 1
octype =  
preorder =  
err_code = 0000
------order source--------
buy_or_sell = S
code = MXFJ4
price = 9129
amount = 1
price_type = LMT
ordtype = ROD
octtype =  
==========my_ors[CLOSED] dump ======
ord_seq = covering
ord_no = c1234
add_date = 20141126
add_time = 103800
match_time = 105300
ord_bs = B
ord_qty = 1
cancel_qty = 0
ord_match_qty = 1
octype =  
preorder =  
err_code = 0000
------order source--------
buy_or_sell = B
code = MXFJ4
price = 9109
amount = 1
price_type = LMT
ordtype = ROD
octtype =  
TSM_Transaction Diff: 20.0
==========TSM_Transaction F_TSM_Transaction@188b8f9 dump end======
Transaction.CLOSED
==105300========TSM_Transaction F_TSM_Transaction@15b1a7b price:8655 range:474 dump start======
==========my_ors[OPENED] dump ======
ord_seq = stest
ord_no = s1234
add_date = 20141126
add_time = 103800
match_time = 103800
ord_bs = S
ord_qty = 1
cancel_qty = 0
ord_match_qty = 1
octype =  
preorder =  
err_code = 0000
------order source--------
buy_or_sell = S
code = MXFJ4
price = 9129
amount = 1
price_type = LMT
ordtype = ROD
octtype =  
==========my_ors[CLOSED] dump ======
ord_seq = covering
ord_no = c1234
add_date = 20141126
add_time = 103900
match_time = 105300
ord_bs = B
ord_qty = 1
cancel_qty = 0
ord_match_qty = 1
octype =  
preorder =  
err_code = 0000
------order source--------
buy_or_sell = B
code = MXFJ4
price = 9109
amount = 1
price_type = LMT
ordtype = ROD
octtype =  
TSM_Transaction Diff: 20.0
==========TSM_Transaction F_TSM_Transaction@15b1a7b dump end======
Transaction.CLOSED
==104900========TSM_Transaction F_TSM_Transaction@153c3a0 price:8655 range:475 dump start======
==========my_ors[OPENED] dump ======
ord_seq = stest
ord_no = s1234
add_date = 20141126
add_time = 103900
match_time = 103900
ord_bs = S
ord_qty = 1
cancel_qty = 0
ord_match_qty = 1
octype =  
preorder =  
err_code = 0000
------order source--------
buy_or_sell = S
code = MXFJ4
price = 9130
amount = 1
price_type = LMT
ordtype = ROD
octtype =  
==========my_ors[CLOSED] dump ======
ord_seq = covering
ord_no = c1234
add_date = 20141126
add_time = 104000
match_time = 104900
ord_bs = B
ord_qty = 1
cancel_qty = 0
ord_match_qty = 1
octype =  
preorder =  
err_code = 0000
------order source--------
buy_or_sell = B
code = MXFJ4
price = 9110
amount = 1
price_type = LMT
ordtype = ROD
octtype =  
TSM_Transaction Diff: 20.0
==========TSM_Transaction F_TSM_Transaction@153c3a0 dump end======
Transaction.CLOSED
==104800========TSM_Transaction F_TSM_Transaction@49bb60 price:8656 range:476 dump start======
==========my_ors[OPENED] dump ======
ord_seq = stest
ord_no = s1234
add_date = 20141126
add_time = 104000
match_time = 104000
ord_bs = S
ord_qty = 1
cancel_qty = 0
ord_match_qty = 1
octype =  
preorder =  
err_code = 0000
------order source--------
buy_or_sell = S
code = MXFJ4
price = 9132
amount = 1
price_type = LMT
ordtype = ROD
octtype =  
==========my_ors[CLOSED] dump ======
ord_seq = covering
ord_no = c1234
add_date = 20141126
add_time = 104100
match_time = 104800
ord_bs = B
ord_qty = 1
cancel_qty = 0
ord_match_qty = 1
octype =  
preorder =  
err_code = 0000
------order source--------
buy_or_sell = B
code = MXFJ4
price = 9112
amount = 1
price_type = LMT
ordtype = ROD
octtype =  
TSM_Transaction Diff: 20.0
==========TSM_Transaction F_TSM_Transaction@49bb60 dump end======
Transaction.CLOSED
==104800========TSM_Transaction F_TSM_Transaction@12d9aca price:8656 range:476 dump start======
==========my_ors[OPENED] dump ======
ord_seq = stest
ord_no = s1234
add_date = 20141126
add_time = 104100
match_time = 104100
ord_bs = S
ord_qty = 1
cancel_qty = 0
ord_match_qty = 1
octype =  
preorder =  
err_code = 0000
------order source--------
buy_or_sell = S
code = MXFJ4
price = 9132
amount = 1
price_type = LMT
ordtype = ROD
octtype =  
==========my_ors[CLOSED] dump ======
ord_seq = covering
ord_no = c1234
add_date = 20141126
add_time = 104200
match_time = 104800
ord_bs = B
ord_qty = 1
cancel_qty = 0
ord_match_qty = 1
octype =  
preorder =  
err_code = 0000
------order source--------
buy_or_sell = B
code = MXFJ4
price = 9112
amount = 1
price_type = LMT
ordtype = ROD
octtype =  
TSM_Transaction Diff: 20.0
==========TSM_Transaction F_TSM_Transaction@12d9aca dump end======
Transaction.CLOSED
==104900========TSM_Transaction F_TSM_Transaction@1594221 price:8655 range:475 dump start======
==========my_ors[OPENED] dump ======
ord_seq = stest
ord_no = s1234
add_date = 20141126
add_time = 104200
match_time = 104200
ord_bs = S
ord_qty = 1
cancel_qty = 0
ord_match_qty = 1
octype =  
preorder =  
err_code = 0000
------order source--------
buy_or_sell = S
code = MXFJ4
price = 9130
amount = 1
price_type = LMT
ordtype = ROD
octtype =  
==========my_ors[CLOSED] dump ======
ord_seq = covering
ord_no = c1234
add_date = 20141126
add_time = 104300
match_time = 104900
ord_bs = B
ord_qty = 1
cancel_qty = 0
ord_match_qty = 1
octype =  
preorder =  
err_code = 0000
------order source--------
buy_or_sell = B
code = MXFJ4
price = 9110
amount = 1
price_type = LMT
ordtype = ROD
octtype =  
TSM_Transaction Diff: 20.0
==========TSM_Transaction F_TSM_Transaction@1594221 dump end======
Transaction.CLOSED
==105300========TSM_Transaction F_TSM_Transaction@310d79 price:8655 range:474 dump start======
==========my_ors[OPENED] dump ======
ord_seq = stest
ord_no = s1234
add_date = 20141126
add_time = 104300
match_time = 104300
ord_bs = S
ord_qty = 1
cancel_qty = 0
ord_match_qty = 1
octype =  
preorder =  
err_code = 0000
------order source--------
buy_or_sell = S
code = MXFJ4
price = 9129
amount = 1
price_type = LMT
ordtype = ROD
octtype =  
==========my_ors[CLOSED] dump ======
ord_seq = covering
ord_no = c1234
add_date = 20141126
add_time = 104400
match_time = 105300
ord_bs = B
ord_qty = 1
cancel_qty = 0
ord_match_qty = 1
octype =  
preorder =  
err_code = 0000
------order source--------
buy_or_sell = B
code = MXFJ4
price = 9109
amount = 1
price_type = LMT
ordtype = ROD
octtype =  
TSM_Transaction Diff: 20.0
==========TSM_Transaction F_TSM_Transaction@310d79 dump end======
